2023-06-01 16:26:14 +0000 [MT] Initial pipeline context: <IDEDistributionProcessingPipelineContext: 0x150058ef0; archive(resolved)="<IDEArchive: 0x1473f4800>", distributionTask(resolved)="2", distributionDestination(resolved)="1", distributionMethod(resolved)="<IDEDistributionMethodiOSAppStoreDistribution: 0x1472dd6d0>", team(resolved)="<IDEProvisioningBasicTeam: 0x14761ba10; teamID='NGAXM5F6FL', teamName='(null)'>">
	Chain (15, self inclusive):
	<IDEDistributionProcessingPipelineContext: 0x150058ef0; archive = "<IDEArchive: 0x1473f4800>", distributionMethod="<IDEDistributionMethodiOSAppStoreDistribution: 0x1472dd6d0>", team="<IDEProvisioningBasicTeam: 0x14761ba10; teamID='NGAXM5F6FL', teamName='(null)'>">
	<IDEDistributionProcessingPipelineContext: 0x15003f770; archive = "<IDEArchive: 0x1473f4800>", distributionMethod="<IDEDistributionMethodiOSAppStoreDistribution: 0x1472dd6d0>", team="<IDEProvisioningBasicTeam: 0x14761ba10; teamID='NGAXM5F6FL', teamName='(null)'>">
	<IDEDistributionContext: 0x1500eccd0; archive = "<IDEArchive: 0x1473f4800>", distributionMethod="<IDEDistributionMethodiOSAppStoreDistribution: 0x1472dd6d0>", team="<IDEProvisioningBasicTeam: 0x14761ba10; teamID='NGAXM5F6FL', teamName='(null)'>">
	<IDEDistributionContext: 0x147748a00; archive = "<IDEArchive: 0x1473f4800>", distributionMethod="<IDEDistributionMethodiOSAppStoreDistribution: 0x1472dd6d0>", team="<IDEProvisioningBasicTeam: 0x14761ba10; teamID='NGAXM5F6FL', teamName='(null)'>">
	<IDEDistributionContext: 0x1442e9c20; archive = "<IDEArchive: 0x1473f4800>", distributionMethod="<IDEDistributionMethodiOSAppStoreDistribution: 0x1472dd6d0>", team="<IDEProvisioningBasicTeam: 0x14761ba10; teamID='NGAXM5F6FL', teamName='(null)'>">
	<IDEDistributionContext: 0x15011e230; archive = "<IDEArchive: 0x1473f4800>", distributionMethod="<IDEDistributionMethodiOSAppStoreDistribution: 0x1472dd6d0>", team="<IDEProvisioningBasicTeam: 0x14761ba10; teamID='NGAXM5F6FL', teamName='(null)'>">
	<IDEDistributionContext: 0x1474099c0; archive = "<IDEArchive: 0x1473f4800>", distributionMethod="<IDEDistributionMethodiOSAppStoreDistribution: 0x1472dd6d0>", team="<IDEProvisioningBasicTeam: 0x14761ba10; teamID='NGAXM5F6FL', teamName='(null)'>">
	<IDEDistributionContext: 0x1440d9990; archive = "<IDEArchive: 0x1473f4800>", distributionMethod="<IDEDistributionMethodiOSAppStoreDistribution: 0x1472dd6d0>", team="<IDEProvisioningBasicTeam: 0x14761ba10; teamID='NGAXM5F6FL', teamName='(null)'>">
	<IDEDistributionContext: 0x1440f9020; archive = "<IDEArchive: 0x1473f4800>", distributionMethod="<IDEDistributionMethodiOSAppStoreDistribution: 0x1472dd6d0>", team="<IDEProvisioningBasicTeam: 0x14761ba10; teamID='NGAXM5F6FL', teamName='(null)'>">
	<IDEDistributionContext: 0x15011ca80; archive = "<IDEArchive: 0x1473f4800>", distributionMethod="<IDEDistributionMethodiOSAppStoreDistribution: 0x1472dd6d0>", team="<IDEProvisioningBasicTeam: 0x14761ba10; teamID='NGAXM5F6FL', teamName='(null)'>">
	<IDEDistributionContext: 0x1472e94b0; archive = "<IDEArchive: 0x1473f4800>", distributionMethod="<IDEDistributionMethodiOSAppStoreDistribution: 0x1472dd6d0>", team="<IDEProvisioningBasicTeam: 0x14761ba10; teamID='NGAXM5F6FL', teamName='(null)'>">
	<IDEDistributionContext: 0x14771edb0; archive = "<IDEArchive: 0x1473f4800>", distributionMethod="<IDEDistributionMethodiOSAppStoreDistribution: 0x1472dd6d0>", team="<IDEProvisioningBasicTeam: 0x14761ba10; teamID='NGAXM5F6FL', teamName='(null)'>">
	<IDEDistributionContext: 0x1471d9a00; archive = "<IDEArchive: 0x1473f4800>", distributionMethod="<IDEDistributionMethodiOSAppStoreDistribution: 0x1472dd6d0>", team="<IDEProvisioningBasicTeam: 0x14761ba10; teamID='NGAXM5F6FL', teamName='(null)'>">
	<IDEDistributionContext: 0x142f24c20; archive = "<IDEArchive: 0x1473f4800>", distributionMethod="<IDEDistributionMethodiOSAppStoreDistribution: 0x1472dd6d0>", team="(null)">
	<IDEDistributionContext: 0x142f24590; archive = "<IDEArchive: 0x1473f4800>", distributionMethod="(null)", team="(null)">
</IDEDistributionProcessingPipelineContext: 0x150058ef0>
2023-06-01 16:26:14 +0000 [MT] Processing step: IDEDistributionCreateDestRootStep
2023-06-01 16:26:14 +0000 [MT] Processing step: IDEDistributionCopyItemStep
2023-06-01 16:26:14 +0000 [MT] Running /usr/bin/ditto '-V' '/var/folders/xk/7582fw395t141_v_3805xh5c0000gn/T/challenges.xcarchive/Products/Applications/challenges.app' '/var/folders/xk/7582fw395t141_v_3805xh5c0000gn/T/XcodeDistPipeline.~~~1GXcjL/Root/Payload/challenges.app'
2023-06-01 16:26:14 +0000  >>> Copying /var/folders/xk/7582fw395t141_v_3805xh5c0000gn/T/challenges.xcarchive/Products/Applications/challenges.app 
2023-06-01 16:26:14 +0000  copying file ./_CodeSignature/CodeResources ... 
2023-06-01 16:26:14 +0000  20563 bytes for ./_CodeSignature/CodeResources
2023-06-01 16:26:14 +0000  copying file ./icon_location3x.png ... 
2023-06-01 16:26:14 +0000  4337 bytes for ./icon_location3x.png
2023-06-01 16:26:14 +0000  copying file ./AppIcon20x20@2x.png ... 
2023-06-01 16:26:14 +0000  2845 bytes for ./AppIcon20x20@2x.png
2023-06-01 16:26:14 +0000  copying file ./icon_stairsDesc3x.png ... 
2023-06-01 16:26:14 +0000  2618 bytes for ./icon_stairsDesc3x.png
2023-06-01 16:26:14 +0000  copying file ./female_default.png ... 
2023-06-01 16:26:14 +0000  32298 bytes for ./female_default.png
2023-06-01 16:26:14 +0000  copying file ./icon_stairsAscen2x.png ... 
2023-06-01 16:26:14 +0000  2110 bytes for ./icon_stairsAscen2x.png
2023-06-01 16:26:14 +0000  copying file ./icon_stairsAscen3x.png ... 
2023-06-01 16:26:14 +0000  2514 bytes for ./icon_stairsAscen3x.png
2023-06-01 16:26:14 +0000  copying file ./feet.png ... 
2023-06-01 16:26:14 +0000  57105 bytes for ./feet.png
2023-06-01 16:26:14 +0000  copying file ./steps.png ... 
2023-06-01 16:26:14 +0000  13439 bytes for ./steps.png
2023-06-01 16:26:14 +0000  copying file ./icon_stairsDesc2x.png ... 
2023-06-01 16:26:14 +0000  2134 bytes for ./icon_stairsDesc2x.png
2023-06-01 16:26:14 +0000  copying file ./AppIcon20x20@3x.png ... 
2023-06-01 16:26:14 +0000  3853 bytes for ./AppIcon20x20@3x.png
2023-06-01 16:26:14 +0000  copying file ./figurewalking.png ... 
2023-06-01 16:26:14 +0000  1796 bytes for ./figurewalking.png
2023-06-01 16:26:14 +0000  copying file ./challenges.db ... 
2023-06-01 16:26:14 +0000  32768 bytes for ./challenges.db
2023-06-01 16:26:14 +0000  copying file ./AppIcon60x60@2x.png ... 
2023-06-01 16:26:14 +0000  7997 bytes for ./AppIcon60x60@2x.png
2023-06-01 16:26:14 +0000  copying file ./AppIcon29x29@2x.png ... 
2023-06-01 16:26:14 +0000  3703 bytes for ./AppIcon29x29@2x.png
2023-06-01 16:26:14 +0000  copying file ./icon_shoe2x.png ... 
2023-06-01 16:26:14 +0000  4291 bytes for ./icon_shoe2x.png
2023-06-01 16:26:14 +0000  copying file ./challenges ... 
2023-06-01 16:26:14 +0000  8339216 bytes for ./challenges
2023-06-01 16:26:14 +0000  copying file ./icon_stopWatch3x.png ... 
6582 bytes for ./icon_stopWatch3x.png
copying file ./AppIcon40x40@3x.png ... 
7997 bytes for ./AppIcon40x40@3x.png
copying file ./icon_stopWatch.png ... 
2706 bytes for ./icon_stopWatch.png
copying file ./challenges.png ... 
2023-06-01 16:26:14 +0000  22682 bytes for ./challenges.png
2023-06-01 16:26:14 +0000  copying file ./AppIcon29x29~ipad.png ... 
2023-06-01 16:26:14 +0000  2301 bytes for ./AppIcon29x29~ipad.png
2023-06-01 16:26:14 +0000  copying file ./icon_stopWatch2x.png ... 
2023-06-01 16:26:14 +0000  4674 bytes for ./icon_stopWatch2x.png
2023-06-01 16:26:14 +0000  copying file ./AppIcon40x40@2x.png ... 
2023-06-01 16:26:14 +0000  4803 bytes for ./AppIcon40x40@2x.png
2023-06-01 16:26:14 +0000  copying file ./video1.mp4 ... 
2023-06-01 16:26:14 +0000  14596386 bytes for ./video1.mp4
2023-06-01 16:26:14 +0000  copying file ./AppIcon29x29@3x.png ... 
5290 bytes for ./AppIcon29x29@3x.png
copying file ./video3.mp4 ... 
2023-06-01 16:26:14 +0000  4573867 bytes for ./video3.mp4
2023-06-01 16:26:14 +0000  copying file ./house.png ... 
1959 bytes for ./house.png
copying file ./AppIcon60x60@3x.png ... 
2023-06-01 16:26:14 +0000  13863 bytes for ./AppIcon60x60@3x.png
2023-06-01 16:26:14 +0000  copying file ./Base.lproj/LaunchScreen.storyboardc/01J-lp-oVM-view-x8a-gp-iyx.nib ... 
2023-06-01 16:26:14 +0000  2541 bytes for ./Base.lproj/LaunchScreen.storyboardc/01J-lp-oVM-view-x8a-gp-iyx.nib
2023-06-01 16:26:14 +0000  copying file ./Base.lproj/LaunchScreen.storyboardc/UIViewController-01J-lp-oVM.nib ... 
2023-06-01 16:26:14 +0000  896 bytes for ./Base.lproj/LaunchScreen.storyboardc/UIViewController-01J-lp-oVM.nib
2023-06-01 16:26:14 +0000  copying file ./Base.lproj/LaunchScreen.storyboardc/Info.plist ... 
2023-06-01 16:26:14 +0000  258 bytes for ./Base.lproj/LaunchScreen.storyboardc/Info.plist
2023-06-01 16:26:14 +0000  copying file ./video2.mp4 ... 
2023-06-01 16:26:14 +0000  3372329 bytes for ./video2.mp4
2023-06-01 16:26:14 +0000  copying file ./archived-expanded-entitlements.xcent ... 
400 bytes for ./archived-expanded-entitlements.xcent
copying file ./paperPlane.png ... 
2023-06-01 16:26:14 +0000  1962 bytes for ./paperPlane.png
2023-06-01 16:26:14 +0000  copying file ./icon_avatar2x.png ... 
2023-06-01 16:26:14 +0000  8419 bytes for ./icon_avatar2x.png
2023-06-01 16:26:14 +0000  copying file ./icon_stairsDesc.png ... 
2023-06-01 16:26:14 +0000  1685 bytes for ./icon_stairsDesc.png
2023-06-01 16:26:14 +0000  copying file ./Assets.car ... 
2023-06-01 16:26:14 +0000  293608 bytes for ./Assets.car
2023-06-01 16:26:14 +0000  copying file ./AppIcon76x76@2x~ipad.png ... 
2023-06-01 16:26:14 +0000  11465 bytes for ./AppIcon76x76@2x~ipad.png
2023-06-01 16:26:14 +0000  copying file ./icon_location.png ... 
2023-06-01 16:26:14 +0000  2082 bytes for ./icon_location.png
2023-06-01 16:26:14 +0000  copying file ./icon_location_small2x.png ... 
2023-06-01 16:26:14 +0000  1917 bytes for ./icon_location_small2x.png
2023-06-01 16:26:14 +0000  copying file ./icon_calories.png ... 
2023-06-01 16:26:14 +0000  1518 bytes for ./icon_calories.png
2023-06-01 16:26:14 +0000  copying file ./icon_stairsAscen.png ... 
2023-06-01 16:26:14 +0000  1684 bytes for ./icon_stairsAscen.png
2023-06-01 16:26:14 +0000  copying file ./AppIcon83.5x83.5@2x~ipad.png ... 
2023-06-01 16:26:14 +0000  13340 bytes for ./AppIcon83.5x83.5@2x~ipad.png
2023-06-01 16:26:14 +0000  copying file ./icon_location3x1.png ... 
2023-06-01 16:26:14 +0000  4337 bytes for ./icon_location3x1.png
2023-06-01 16:26:14 +0000  copying file ./metrics.png ... 
2023-06-01 16:26:14 +0000  1945 bytes for ./metrics.png
2023-06-01 16:26:14 +0000  copying file ./daybreak.png ... 
2023-06-01 16:26:14 +0000  657410 bytes for ./daybreak.png
2023-06-01 16:26:14 +0000  copying file ./male_default.png ... 
2023-06-01 16:26:14 +0000  26975 bytes for ./male_default.png
2023-06-01 16:26:14 +0000  copying file ./AppIcon40x40~ipad.png ... 
2023-06-01 16:26:14 +0000  2807 bytes for ./AppIcon40x40~ipad.png
2023-06-01 16:26:14 +0000  copying file ./Frameworks/CryptoiOSDevice.framework/_CodeSignature/CodeResources ... 
2023-06-01 16:26:14 +0000  1798 bytes for ./Frameworks/CryptoiOSDevice.framework/_CodeSignature/CodeResources
2023-06-01 16:26:14 +0000  copying file ./Frameworks/CryptoiOSDevice.framework/CryptoiOSDevice ... 
2023-06-01 16:26:14 +0000  695184 bytes for ./Frameworks/CryptoiOSDevice.framework/CryptoiOSDevice
2023-06-01 16:26:14 +0000  copying file ./Frameworks/CryptoiOSDevice.framework/Info.plist ... 
2023-06-01 16:26:14 +0000  1349 bytes for ./Frameworks/CryptoiOSDevice.framework/Info.plist
2023-06-01 16:26:14 +0000  copying file ./Frameworks/InternetEncodingsiOSDevice.framework/_CodeSignature/CodeResources ... 
2023-06-01 16:26:14 +0000  1798 bytes for ./Frameworks/InternetEncodingsiOSDevice.framework/_CodeSignature/CodeResources
2023-06-01 16:26:14 +0000  copying file ./Frameworks/InternetEncodingsiOSDevice.framework/InternetEncodingsiOSDevice ... 
2023-06-01 16:26:14 +0000  68896 bytes for ./Frameworks/InternetEncodingsiOSDevice.framework/InternetEncodingsiOSDevice
2023-06-01 16:26:14 +0000  copying file ./Frameworks/InternetEncodingsiOSDevice.framework/Info.plist ... 
2023-06-01 16:26:14 +0000  1382 bytes for ./Frameworks/InternetEncodingsiOSDevice.framework/Info.plist
2023-06-01 16:26:14 +0000  copying file ./Frameworks/SQLiteDatabaseiOS_Device.framework/_CodeSignature/CodeResources ... 
2023-06-01 16:26:14 +0000  1798 bytes for ./Frameworks/SQLiteDatabaseiOS_Device.framework/_CodeSignature/CodeResources
2023-06-01 16:26:14 +0000  copying file ./Frameworks/SQLiteDatabaseiOS_Device.framework/SQLiteDatabaseiOS_Device ... 
2023-06-01 16:26:14 +0000  1060080 bytes for ./Frameworks/SQLiteDatabaseiOS_Device.framework/SQLiteDatabaseiOS_Device
2023-06-01 16:26:14 +0000  copying file ./Frameworks/SQLiteDatabaseiOS_Device.framework/Info.plist ... 
2023-06-01 16:26:14 +0000  1375 bytes for ./Frameworks/SQLiteDatabaseiOS_Device.framework/Info.plist
2023-06-01 16:26:14 +0000  copying file ./embedded.mobileprovision ... 
2023-06-01 16:26:14 +0000  31503 bytes for ./embedded.mobileprovision
2023-06-01 16:26:14 +0000  copying file ./icon_caloriesBig2x.png ... 
2023-06-01 16:26:14 +0000  3267 bytes for ./icon_caloriesBig2x.png
2023-06-01 16:26:14 +0000  copying file ./Info.plist ... 
2023-06-01 16:26:14 +0000  3456 bytes for ./Info.plist
2023-06-01 16:26:14 +0000  copying file ./Teams.png ... 
2023-06-01 16:26:14 +0000  1056050 bytes for ./Teams.png
2023-06-01 16:26:14 +0000  copying file ./PkgInfo ... 
2023-06-01 16:26:14 +0000  8 bytes for ./PkgInfo
2023-06-01 16:26:14 +0000  copying file ./AppIcon76x76~ipad.png ... 
2023-06-01 16:26:14 +0000  4634 bytes for ./AppIcon76x76~ipad.png
2023-06-01 16:26:14 +0000 [MT] /usr/bin/ditto exited with 0
2023-06-01 16:26:14 +0000 [MT] Processing step: IDEDistributionEmbedProfileStep
2023-06-01 16:26:14 +0000 [MT] Skipping profile for item: <IDEDistributionItem: 0x147720a60; bundleID='com.xojo.cryptoiosdevice.dylib', path='<DVTFilePath:0x1446eaa30:'/var/folders/xk/7582fw395t141_v_3805xh5c0000gn/T/challenges.xcarchive/Products/Applications/challenges.app/Frameworks/CryptoiOSDevice.framework'>', codeSigningInfo='<_DVTCodeSigningInformation_Path: 0x147312d30; isSigned='1', isAdHocSigned='0', signingCertificate='<DVTSigningCertificate: 0x147765a80; name='Apple Development: Peter Williams (K56C3A8A9Y)', hash='21063ADCE9DF8A6743D6C3240A31589DC94323E2', serialNumber='28C291DFC73A074C6676ED516C068ED6', certificateKinds='(
    "1.2.840.113635.100.6.1.12",
    "1.2.840.113635.100.6.1.2"
), issueDate='2023-06-01 06:55:46 +0000''>', entitlements='(null)', teamID='NGAXM5F6FL', identifier='com.xojo.cryptoiosdevice.dylib', executablePath='<DVTFilePath:0x1473ff540:'/var/folders/xk/7582fw395t141_v_3805xh5c0000gn/T/challenges.xcarchive/Products/Applications/challenges.app/Frameworks/CryptoiOSDevice.framework/CryptoiOSDevice'>', hardenedRuntime='0'>'>
2023-06-01 16:26:14 +0000 [MT] Skipping profile for item: <IDEDistributionItem: 0x1472efc20; bundleID='com.xojo.internetencodingsiosdevice.dylib', path='<DVTFilePath:0x1442f4420:'/var/folders/xk/7582fw395t141_v_3805xh5c0000gn/T/challenges.xcarchive/Products/Applications/challenges.app/Frameworks/InternetEncodingsiOSDevice.framework'>', codeSigningInfo='<_DVTCodeSigningInformation_Path: 0x1472f2110; isSigned='1', isAdHocSigned='0', signingCertificate='<DVTSigningCertificate: 0x1471c8900; name='Apple Development: Peter Williams (K56C3A8A9Y)', hash='21063ADCE9DF8A6743D6C3240A31589DC94323E2', serialNumber='28C291DFC73A074C6676ED516C068ED6', certificateKinds='(
    "1.2.840.113635.100.6.1.12",
    "1.2.840.113635.100.6.1.2"
), issueDate='2023-06-01 06:55:46 +0000''>', entitlements='(null)', teamID='NGAXM5F6FL', identifier='com.xojo.internetencodingsiosdevice.dylib', executablePath='<DVTFilePath:0x1472f1ee0:'/var/folders/xk/7582fw395t141_v_3805xh5c0000gn/T/challenges.xcarchive/Products/Applications/challenges.app/Frameworks/InternetEncodingsiOSDevice.framework/InternetEncodingsiOSDevice'>', hardenedRuntime='0'>'>
2023-06-01 16:26:14 +0000 [MT] Skipping profile for item: <IDEDistributionItem: 0x1472f3000; bundleID='com.xojo.sqlitedatabaseiosdevice.dylib', path='<DVTFilePath:0x1472fb4b0:'/var/folders/xk/7582fw395t141_v_3805xh5c0000gn/T/challenges.xcarchive/Products/Applications/challenges.app/Frameworks/SQLiteDatabaseiOS_Device.framework'>', codeSigningInfo='<_DVTCodeSigningInformation_Path: 0x150006f30; isSigned='1', isAdHocSigned='0', signingCertificate='<DVTSigningCertificate: 0x150160d70; name='Apple Development: Peter Williams (K56C3A8A9Y)', hash='21063ADCE9DF8A6743D6C3240A31589DC94323E2', serialNumber='28C291DFC73A074C6676ED516C068ED6', certificateKinds='(
    "1.2.840.113635.100.6.1.12",
    "1.2.840.113635.100.6.1.2"
), issueDate='2023-06-01 06:55:46 +0000''>', entitlements='(null)', teamID='NGAXM5F6FL', identifier='com.xojo.sqlitedatabaseiosdevice.dylib', executablePath='<DVTFilePath:0x1471fc1e0:'/var/folders/xk/7582fw395t141_v_3805xh5c0000gn/T/challenges.xcarchive/Products/Applications/challenges.app/Frameworks/SQLiteDatabaseiOS_Device.framework/SQLiteDatabaseiOS_Device'>', hardenedRuntime='0'>'>
2023-06-01 16:26:14 +0000 [MT] Processing step: IDEDistributionInfoPlistStep
2023-06-01 16:26:14 +0000 [MT] Skipping setting DTXcodeBuildDistribution because toolsBuildVersionName was nil.
2023-06-01 16:26:14 +0000 [MT] Skipping setting DTXcodeBuildDistribution because toolsBuildVersionName was nil.
2023-06-01 16:26:14 +0000 [MT] Skipping setting DTXcodeBuildDistribution because toolsBuildVersionName was nil.
2023-06-01 16:26:14 +0000 [MT] Skipping setting DTXcodeBuildDistribution because toolsBuildVersionName was nil.
2023-06-01 16:26:14 +0000 [MT] Processing step: IDEDistributionItemRemovalStep
2023-06-01 16:26:14 +0000 [MT] Processing step: IDEDistributionAppThinningPlistStep
2023-06-01 16:26:14 +0000 [MT] Skipping step: IDEDistributionAppThinningPlistStep because it said so
2023-06-01 16:26:14 +0000 [MT] Processing step: IDEDistributionCompileBitcodeStep
2023-06-01 16:26:14 +0000 [MT] Skipping step: IDEDistributionCompileBitcodeStep because it said so
2023-06-01 16:26:14 +0000 [MT] Processing step: IDEDistributionCodeSlimmingStep
2023-06-01 16:26:14 +0000 [MT] Processing step: IDEDistributionCopyBCSymbolMapsStep
2023-06-01 16:26:14 +0000 [MT] Processing step: IDEDistributionSymbolsStep
2023-06-01 16:26:14 +0000 [MT] Processing symbols for CryptoiOSDevice.framework
2023-06-01 16:26:14 +0000 [MT] Running /usr/bin/rsync '-8aPhhE' '/var/folders/xk/7582fw395t141_v_3805xh5c0000gn/T/XcodeDistPipeline.~~~1GXcjL/Root/Payload/challenges.app/Frameworks/CryptoiOSDevice.framework' '--link-dest' '/var/folders/xk/7582fw395t141_v_3805xh5c0000gn/T/XcodeDistPipeline.~~~1GXcjL/Root/Payload/challenges.app/Frameworks' '/var/folders/xk/7582fw395t141_v_3805xh5c0000gn/T/XcodeDistPipeline.~~~1GXcjL'
2023-06-01 16:26:14 +0000  building file list ... 
2023-06-01 16:26:14 +0000   0 files...2023-06-01 16:26:14 +0000  5 files to consider
2023-06-01 16:26:14 +0000  CryptoiOSDevice.framework/
2023-06-01 16:26:14 +0000  CryptoiOSDevice.framework/_CodeSignature/
rsync: link "/var/folders/xk/7582fw395t141_v_3805xh5c0000gn/T/XcodeDistPipeline.~~~1GXcjL/CryptoiOSDevice.framework/_CodeSignature/CodeResources" => /var/folders/xk/7582fw395t141_v_3805xh5c0000gn/T/XcodeDistPipeline.~~~1GXcjL/Root/Payload/challenges.app/Frameworks/CryptoiOSDevice.framework/_CodeSignature/CodeResources failed: Operation not permitted (1)
2023-06-01 16:26:14 +0000  CryptoiOSDevice.framework/_CodeSignature/CodeResources
2023-06-01 16:26:14 +0000  
2023-06-01 16:26:14 +0000  sent 231 bytes  received 38 bytes  538.00 bytes/sec
total size is 681.96K  speedup is 2596.03
2023-06-01 16:26:14 +0000 [MT] /usr/bin/rsync exited with 0
2023-06-01 16:26:14 +0000 [MT] Running /usr/bin/rsync '-8aPhhE' '/var/folders/xk/7582fw395t141_v_3805xh5c0000gn/T/challenges.xcarchive/dSYMs/' '--link-dest' '/var/folders/xk/7582fw395t141_v_3805xh5c0000gn/T/challenges.xcarchive/dSYMs/' '/var/folders/xk/7582fw395t141_v_3805xh5c0000gn/T/XcodeDistPipeline.~~~1GXcjL'
2023-06-01 16:26:14 +0000  building file list ... 
2023-06-01 16:26:14 +0000   0 files...2023-06-01 16:26:14 +0000  7 files to consider
2023-06-01 16:26:14 +0000  ./
2023-06-01 16:26:14 +0000  challenges.app.dSYM/
challenges.app.dSYM/Contents/
challenges.app.dSYM/Contents/Resources/
2023-06-01 16:26:14 +0000  challenges.app.dSYM/Contents/Resources/DWARF/
2023-06-01 16:26:14 +0000  
2023-06-01 16:26:14 +0000  sent 244 bytes  received 50 bytes  588.00 bytes/sec
total size is 5.42M  speedup is 19321.27
2023-06-01 16:26:14 +0000 [MT] /usr/bin/rsync exited with 0
2023-06-01 16:26:14 +0000 [MT] Writing /var/folders/xk/7582fw395t141_v_3805xh5c0000gn/T/XcodeDistPipeline.~~~1GXcjL/Symbols/75A80F64-1428-3DEA-BC7D-0DF9A8F643D6.symbols
2023-06-01 16:26:14 +0000 [MT] Processing symbols for InternetEncodingsiOSDevice.framework
2023-06-01 16:26:14 +0000 [MT] Running /usr/bin/rsync '-8aPhhE' '/var/folders/xk/7582fw395t141_v_3805xh5c0000gn/T/XcodeDistPipeline.~~~1GXcjL/Root/Payload/challenges.app/Frameworks/InternetEncodingsiOSDevice.framework' '--link-dest' '/var/folders/xk/7582fw395t141_v_3805xh5c0000gn/T/XcodeDistPipeline.~~~1GXcjL/Root/Payload/challenges.app/Frameworks' '/var/folders/xk/7582fw395t141_v_3805xh5c0000gn/T/XcodeDistPipeline.~~~1GXcjL'
2023-06-01 16:26:14 +0000  building file list ... 
2023-06-01 16:26:14 +0000   0 files...2023-06-01 16:26:14 +0000  5 files to consider
2023-06-01 16:26:14 +0000  InternetEncodingsiOSDevice.framework/
2023-06-01 16:26:14 +0000  InternetEncodingsiOSDevice.framework/_CodeSignature/
rsync: link "/var/folders/xk/7582fw395t141_v_3805xh5c0000gn/T/XcodeDistPipeline.~~~1GXcjL/InternetEncodingsiOSDevice.framework/_CodeSignature/CodeResources" => /var/folders/xk/7582fw395t141_v_3805xh5c0000gn/T/XcodeDistPipeline.~~~1GXcjL/Root/Payload/challenges.app/Frameworks/InternetEncodingsiOSDevice.framework/_CodeSignature/CodeResources failed: Operation not permitted (1)
2023-06-01 16:26:14 +0000  InternetEncodingsiOSDevice.framework/_CodeSignature/CodeResources
2023-06-01 16:26:14 +0000  
2023-06-01 16:26:14 +0000  sent 251 bytes  received 38 bytes  578.00 bytes/sec
total size is 70.39K  speedup is 249.40
2023-06-01 16:26:14 +0000 [MT] /usr/bin/rsync exited with 0
2023-06-01 16:26:14 +0000 [MT] Running /usr/bin/rsync '-8aPhhE' '/var/folders/xk/7582fw395t141_v_3805xh5c0000gn/T/challenges.xcarchive/dSYMs/' '--link-dest' '/var/folders/xk/7582fw395t141_v_3805xh5c0000gn/T/challenges.xcarchive/dSYMs/' '/var/folders/xk/7582fw395t141_v_3805xh5c0000gn/T/XcodeDistPipeline.~~~1GXcjL'
2023-06-01 16:26:14 +0000  building file list ... 
2023-06-01 16:26:14 +0000   0 files...2023-06-01 16:26:14 +0000  7 files to consider
2023-06-01 16:26:14 +0000  ./
2023-06-01 16:26:14 +0000  challenges.app.dSYM/
2023-06-01 16:26:14 +0000  challenges.app.dSYM/Contents/
challenges.app.dSYM/Contents/Resources/
challenges.app.dSYM/Contents/Resources/DWARF/
2023-06-01 16:26:14 +0000  
sent 256 bytes  received 62 bytes  636.00 bytes/sec
total size is 5.42M  speedup is 17863.06
2023-06-01 16:26:14 +0000 [MT] /usr/bin/rsync exited with 0
2023-06-01 16:26:14 +0000 [MT] Writing /var/folders/xk/7582fw395t141_v_3805xh5c0000gn/T/XcodeDistPipeline.~~~1GXcjL/Symbols/998DE46B-6A2F-3C17-8039-CD3E046455D2.symbols
2023-06-01 16:26:14 +0000 [MT] Processing symbols for SQLiteDatabaseiOS_Device.framework
2023-06-01 16:26:14 +0000 [MT] Running /usr/bin/rsync '-8aPhhE' '/var/folders/xk/7582fw395t141_v_3805xh5c0000gn/T/XcodeDistPipeline.~~~1GXcjL/Root/Payload/challenges.app/Frameworks/SQLiteDatabaseiOS_Device.framework' '--link-dest' '/var/folders/xk/7582fw395t141_v_3805xh5c0000gn/T/XcodeDistPipeline.~~~1GXcjL/Root/Payload/challenges.app/Frameworks' '/var/folders/xk/7582fw395t141_v_3805xh5c0000gn/T/XcodeDistPipeline.~~~1GXcjL'
2023-06-01 16:26:14 +0000  building file list ... 
2023-06-01 16:26:14 +0000   0 files...2023-06-01 16:26:14 +0000  5 files to consider
2023-06-01 16:26:14 +0000  SQLiteDatabaseiOS_Device.framework/
2023-06-01 16:26:14 +0000  SQLiteDatabaseiOS_Device.framework/_CodeSignature/
rsync: link "/var/folders/xk/7582fw395t141_v_3805xh5c0000gn/T/XcodeDistPipeline.~~~1GXcjL/SQLiteDatabaseiOS_Device.framework/_CodeSignature/CodeResources" => /var/folders/xk/7582fw395t141_v_3805xh5c0000gn/T/XcodeDistPipeline.~~~1GXcjL/Root/Payload/challenges.app/Frameworks/SQLiteDatabaseiOS_Device.framework/_CodeSignature/CodeResources failed: Operation not permitted (1)
2023-06-01 16:26:14 +0000  SQLiteDatabaseiOS_Device.framework/_CodeSignature/CodeResources
2023-06-01 16:26:14 +0000  
2023-06-01 16:26:14 +0000  sent 249 bytes  received 38 bytes  574.00 bytes/sec
total size is 1.01M  speedup is 3704.71
2023-06-01 16:26:14 +0000 [MT] /usr/bin/rsync exited with 0
2023-06-01 16:26:14 +0000 [MT] Running /usr/bin/rsync '-8aPhhE' '/var/folders/xk/7582fw395t141_v_3805xh5c0000gn/T/challenges.xcarchive/dSYMs/' '--link-dest' '/var/folders/xk/7582fw395t141_v_3805xh5c0000gn/T/challenges.xcarchive/dSYMs/' '/var/folders/xk/7582fw395t141_v_3805xh5c0000gn/T/XcodeDistPipeline.~~~1GXcjL'
2023-06-01 16:26:14 +0000  building file list ... 
2023-06-01 16:26:14 +0000   0 files...2023-06-01 16:26:14 +0000  7 files to consider
2023-06-01 16:26:14 +0000  ./
2023-06-01 16:26:14 +0000  challenges.app.dSYM/
challenges.app.dSYM/Contents/
2023-06-01 16:26:14 +0000  challenges.app.dSYM/Contents/Resources/
challenges.app.dSYM/Contents/Resources/DWARF/
2023-06-01 16:26:14 +0000  
2023-06-01 16:26:14 +0000  sent 256 bytes  received 62 bytes  636.00 bytes/sec
total size is 5.42M  speedup is 17863.06
2023-06-01 16:26:14 +0000 [MT] /usr/bin/rsync exited with 0
2023-06-01 16:26:14 +0000 [MT] Writing /var/folders/xk/7582fw395t141_v_3805xh5c0000gn/T/XcodeDistPipeline.~~~1GXcjL/Symbols/BED42B04-5D02-307D-BA61-5958FEBFF5B1.symbols
2023-06-01 16:26:14 +0000 [MT] Processing symbols for challenges.app
2023-06-01 16:26:14 +0000 [MT] Running /usr/bin/rsync '-8aPhhE' '/var/folders/xk/7582fw395t141_v_3805xh5c0000gn/T/XcodeDistPipeline.~~~1GXcjL/Root/Payload/challenges.app' '--link-dest' '/var/folders/xk/7582fw395t141_v_3805xh5c0000gn/T/XcodeDistPipeline.~~~1GXcjL/Root/Payload' '/var/folders/xk/7582fw395t141_v_3805xh5c0000gn/T/XcodeDistPipeline.~~~1GXcjL'
2023-06-01 16:26:14 +0000  building file list ... 
2023-06-01 16:26:14 +0000   0 files...2023-06-01 16:26:14 +0000  75 files to consider
2023-06-01 16:26:14 +0000  challenges.app/
2023-06-01 16:26:14 +0000  challenges.app/Base.lproj/
challenges.app/Base.lproj/LaunchScreen.storyboardc/
challenges.app/Frameworks/
2023-06-01 16:26:14 +0000  challenges.app/Frameworks/CryptoiOSDevice.framework/
challenges.app/Frameworks/CryptoiOSDevice.framework/_CodeSignature/
challenges.app/Frameworks/InternetEncodingsiOSDevice.framework/
challenges.app/Frameworks/InternetEncodingsiOSDevice.framework/_CodeSignature/
challenges.app/Frameworks/SQLiteDatabaseiOS_Device.framework/
challenges.app/Frameworks/SQLiteDatabaseiOS_Device.framework/_CodeSignature/
challenges.app/_CodeSignature/
2023-06-01 16:26:14 +0000  
2023-06-01 16:26:14 +0000  sent 2.35K bytes  received 86 bytes  4.86K bytes/sec
total size is 33.47M  speedup is 14095.44
2023-06-01 16:26:14 +0000 [MT] /usr/bin/rsync exited with 0
2023-06-01 16:26:14 +0000 [MT] Running /usr/bin/rsync '-8aPhhE' '/var/folders/xk/7582fw395t141_v_3805xh5c0000gn/T/challenges.xcarchive/dSYMs/' '--link-dest' '/var/folders/xk/7582fw395t141_v_3805xh5c0000gn/T/challenges.xcarchive/dSYMs/' '/var/folders/xk/7582fw395t141_v_3805xh5c0000gn/T/XcodeDistPipeline.~~~1GXcjL'
2023-06-01 16:26:14 +0000  building file list ... 
2023-06-01 16:26:14 +0000   0 files...2023-06-01 16:26:14 +0000  7 files to consider
2023-06-01 16:26:14 +0000  ./
2023-06-01 16:26:14 +0000  challenges.app.dSYM/
2023-06-01 16:26:14 +0000  challenges.app.dSYM/Contents/
challenges.app.dSYM/Contents/Resources/
challenges.app.dSYM/Contents/Resources/DWARF/
2023-06-01 16:26:14 +0000  
2023-06-01 16:26:14 +0000  sent 256 bytes  received 62 bytes  636.00 bytes/sec
total size is 5.42M  speedup is 17863.06
2023-06-01 16:26:14 +0000 [MT] /usr/bin/rsync exited with 0
2023-06-01 16:26:14 +0000 [MT] Writing /var/folders/xk/7582fw395t141_v_3805xh5c0000gn/T/XcodeDistPipeline.~~~1GXcjL/Symbols/3FC0F238-83C2-30E8-B5C3-F2EB9A4EF92A.symbols
2023-06-01 16:26:14 +0000 [MT] Processing step: IDEDistributionCopyAppleProvidedContentStep
2023-06-01 16:26:14 +0000 [MT] Processing step: IDEDistributionAppThinningStep
2023-06-01 16:26:14 +0000 [MT] Skipping step: IDEDistributionAppThinningStep because it said so
2023-06-01 16:26:14 +0000 [MT] Processing step: IDEDistributionArchThinningStep
2023-06-01 16:26:14 +0000 [MT] Running /Applications/Xcode.app/Contents/Developer/Toolchains/XcodeDefault.xctoolchain/usr/bin/lipo '/var/folders/xk/7582fw395t141_v_3805xh5c0000gn/T/XcodeDistPipeline.~~~1GXcjL/Root/Payload/challenges.app/Frameworks/CryptoiOSDevice.framework/CryptoiOSDevice' '-verify_arch' 'arm64e'
2023-06-01 16:26:14 +0000 [MT] /Applications/Xcode.app/Contents/Developer/Toolchains/XcodeDefault.xctoolchain/usr/bin/lipo exited with 1
2023-06-01 16:26:14 +0000 [MT] Skipping architecture thinning for item "CryptoiOSDevice" because arch "arm64e" wasn't found
2023-06-01 16:26:14 +0000 [MT] Running /Applications/Xcode.app/Contents/Developer/Toolchains/XcodeDefault.xctoolchain/usr/bin/lipo '/var/folders/xk/7582fw395t141_v_3805xh5c0000gn/T/XcodeDistPipeline.~~~1GXcjL/Root/Payload/challenges.app/Frameworks/InternetEncodingsiOSDevice.framework/InternetEncodingsiOSDevice' '-verify_arch' 'arm64e'
2023-06-01 16:26:14 +0000 [MT] /Applications/Xcode.app/Contents/Developer/Toolchains/XcodeDefault.xctoolchain/usr/bin/lipo exited with 1
2023-06-01 16:26:14 +0000 [MT] Skipping architecture thinning for item "InternetEncodingsiOSDevice" because arch "arm64e" wasn't found
2023-06-01 16:26:14 +0000 [MT] Running /Applications/Xcode.app/Contents/Developer/Toolchains/XcodeDefault.xctoolchain/usr/bin/lipo '/var/folders/xk/7582fw395t141_v_3805xh5c0000gn/T/XcodeDistPipeline.~~~1GXcjL/Root/Payload/challenges.app/Frameworks/SQLiteDatabaseiOS_Device.framework/SQLiteDatabaseiOS_Device' '-verify_arch' 'arm64e'
2023-06-01 16:26:14 +0000 [MT] /Applications/Xcode.app/Contents/Developer/Toolchains/XcodeDefault.xctoolchain/usr/bin/lipo exited with 1
2023-06-01 16:26:14 +0000 [MT] Skipping architecture thinning for item "SQLiteDatabaseiOS_Device" because arch "arm64e" wasn't found
2023-06-01 16:26:14 +0000 [MT] Running /Applications/Xcode.app/Contents/Developer/Toolchains/XcodeDefault.xctoolchain/usr/bin/lipo '/var/folders/xk/7582fw395t141_v_3805xh5c0000gn/T/XcodeDistPipeline.~~~1GXcjL/Root/Payload/challenges.app/challenges' '-verify_arch' 'arm64e'
2023-06-01 16:26:14 +0000 [MT] /Applications/Xcode.app/Contents/Developer/Toolchains/XcodeDefault.xctoolchain/usr/bin/lipo exited with 1
2023-06-01 16:26:14 +0000 [MT] Skipping architecture thinning for item "challenges" because arch "arm64e" wasn't found
2023-06-01 16:26:14 +0000 [MT] Processing step: IDEDistributionODRStep
2023-06-01 16:26:14 +0000 [MT] Processing step: IDEDistributionStripXattrsStep
2023-06-01 16:26:14 +0000 [MT] Skipping stripping extended attributes of item: <IDEDistributionItem: 0x147720a60; bundleID='com.xojo.cryptoiosdevice.dylib', path='<DVTFilePath:0x1446eaa30:'/var/folders/xk/7582fw395t141_v_3805xh5c0000gn/T/challenges.xcarchive/Products/Applications/challenges.app/Frameworks/CryptoiOSDevice.framework'>', codeSigningInfo='<_DVTCodeSigningInformation_Path: 0x147312d30; isSigned='1', isAdHocSigned='0', signingCertificate='<DVTSigningCertificate: 0x147762eb0; name='Apple Development: Peter Williams (K56C3A8A9Y)', hash='21063ADCE9DF8A6743D6C3240A31589DC94323E2', serialNumber='28C291DFC73A074C6676ED516C068ED6', certificateKinds='(
    "1.2.840.113635.100.6.1.12",
    "1.2.840.113635.100.6.1.2"
), issueDate='2023-06-01 06:55:46 +0000''>', entitlements='(null)', teamID='NGAXM5F6FL', identifier='com.xojo.cryptoiosdevice.dylib', executablePath='<DVTFilePath:0x1473ff540:'/var/folders/xk/7582fw395t141_v_3805xh5c0000gn/T/challenges.xcarchive/Products/Applications/challenges.app/Frameworks/CryptoiOSDevice.framework/CryptoiOSDevice'>', hardenedRuntime='0'>'>
2023-06-01 16:26:14 +0000 [MT] Skipping stripping extended attributes of item: <IDEDistributionItem: 0x1472efc20; bundleID='com.xojo.internetencodingsiosdevice.dylib', path='<DVTFilePath:0x1442f4420:'/var/folders/xk/7582fw395t141_v_3805xh5c0000gn/T/challenges.xcarchive/Products/Applications/challenges.app/Frameworks/InternetEncodingsiOSDevice.framework'>', codeSigningInfo='<_DVTCodeSigningInformation_Path: 0x1472f2110; isSigned='1', isAdHocSigned='0', signingCertificate='<DVTSigningCertificate: 0x15025d810; name='Apple Development: Peter Williams (K56C3A8A9Y)', hash='21063ADCE9DF8A6743D6C3240A31589DC94323E2', serialNumber='28C291DFC73A074C6676ED516C068ED6', certificateKinds='(
    "1.2.840.113635.100.6.1.12",
    "1.2.840.113635.100.6.1.2"
), issueDate='2023-06-01 06:55:46 +0000''>', entitlements='(null)', teamID='NGAXM5F6FL', identifier='com.xojo.internetencodingsiosdevice.dylib', executablePath='<DVTFilePath:0x1472f1ee0:'/var/folders/xk/7582fw395t141_v_3805xh5c0000gn/T/challenges.xcarchive/Products/Applications/challenges.app/Frameworks/InternetEncodingsiOSDevice.framework/InternetEncodingsiOSDevice'>', hardenedRuntime='0'>'>
2023-06-01 16:26:14 +0000 [MT] Skipping stripping extended attributes of item: <IDEDistributionItem: 0x1472f3000; bundleID='com.xojo.sqlitedatabaseiosdevice.dylib', path='<DVTFilePath:0x1472fb4b0:'/var/folders/xk/7582fw395t141_v_3805xh5c0000gn/T/challenges.xcarchive/Products/Applications/challenges.app/Frameworks/SQLiteDatabaseiOS_Device.framework'>', codeSigningInfo='<_DVTCodeSigningInformation_Path: 0x150006f30; isSigned='1', isAdHocSigned='0', signingCertificate='<DVTSigningCertificate: 0x15013fa30; name='Apple Development: Peter Williams (K56C3A8A9Y)', hash='21063ADCE9DF8A6743D6C3240A31589DC94323E2', serialNumber='28C291DFC73A074C6676ED516C068ED6', certificateKinds='(
    "1.2.840.113635.100.6.1.12",
    "1.2.840.113635.100.6.1.2"
), issueDate='2023-06-01 06:55:46 +0000''>', entitlements='(null)', teamID='NGAXM5F6FL', identifier='com.xojo.sqlitedatabaseiosdevice.dylib', executablePath='<DVTFilePath:0x1471fc1e0:'/var/folders/xk/7582fw395t141_v_3805xh5c0000gn/T/challenges.xcarchive/Products/Applications/challenges.app/Frameworks/SQLiteDatabaseiOS_Device.framework/SQLiteDatabaseiOS_Device'>', hardenedRuntime='0'>'>
2023-06-01 16:26:14 +0000 [MT] Running /usr/bin/xattr '-crs' '/var/folders/xk/7582fw395t141_v_3805xh5c0000gn/T/XcodeDistPipeline.~~~1GXcjL/Root/Payload/challenges.app'
2023-06-01 16:26:14 +0000 [MT] /usr/bin/xattr exited with 0
2023-06-01 16:26:14 +0000 [MT] Processing step: IDEDistributionCodesignStep
2023-06-01 16:26:14 +0000 [MT] Entitlements for <IDEDistributionItem: 0x147720a60; bundleID='com.xojo.cryptoiosdevice.dylib', path='<DVTFilePath:0x1446eaa30:'/var/folders/xk/7582fw395t141_v_3805xh5c0000gn/T/challenges.xcarchive/Products/Applications/challenges.app/Frameworks/CryptoiOSDevice.framework'>', codeSigningInfo='<_DVTCodeSigningInformation_Path: 0x147312d30; isSigned='1', isAdHocSigned='0', signingCertificate='<DVTSigningCertificate: 0x150126a70; name='Apple Development: Peter Williams (K56C3A8A9Y)', hash='21063ADCE9DF8A6743D6C3240A31589DC94323E2', serialNumber='28C291DFC73A074C6676ED516C068ED6', certificateKinds='(
    "1.2.840.113635.100.6.1.12",
    "1.2.840.113635.100.6.1.2"
), issueDate='2023-06-01 06:55:46 +0000''>', entitlements='(null)', teamID='NGAXM5F6FL', identifier='com.xojo.cryptoiosdevice.dylib', executablePath='<DVTFilePath:0x1473ff540:'/var/folders/xk/7582fw395t141_v_3805xh5c0000gn/T/challenges.xcarchive/Products/Applications/challenges.app/Frameworks/CryptoiOSDevice.framework/CryptoiOSDevice'>', hardenedRuntime='0'>'>: {
}
2023-06-01 16:26:14 +0000 [MT] Entitlements for <IDEDistributionItem: 0x147720a60; bundleID='com.xojo.cryptoiosdevice.dylib', path='<DVTFilePath:0x1446eaa30:'/var/folders/xk/7582fw395t141_v_3805xh5c0000gn/T/challenges.xcarchive/Products/Applications/challenges.app/Frameworks/CryptoiOSDevice.framework'>', codeSigningInfo='<_DVTCodeSigningInformation_Path: 0x147312d30; isSigned='1', isAdHocSigned='0', signingCertificate='<DVTSigningCertificate: 0x150040200; name='Apple Development: Peter Williams (K56C3A8A9Y)', hash='21063ADCE9DF8A6743D6C3240A31589DC94323E2', serialNumber='28C291DFC73A074C6676ED516C068ED6', certificateKinds='(
    "1.2.840.113635.100.6.1.12",
    "1.2.840.113635.100.6.1.2"
), issueDate='2023-06-01 06:55:46 +0000''>', entitlements='(null)', teamID='NGAXM5F6FL', identifier='com.xojo.cryptoiosdevice.dylib', executablePath='<DVTFilePath:0x1473ff540:'/var/folders/xk/7582fw395t141_v_3805xh5c0000gn/T/challenges.xcarchive/Products/Applications/challenges.app/Frameworks/CryptoiOSDevice.framework/CryptoiOSDevice'>', hardenedRuntime='0'>'> are: {
}
2023-06-01 16:26:14 +0000 [MT] Writing entitlements for <IDEDistributionItem: 0x147720a60; bundleID='com.xojo.cryptoiosdevice.dylib', path='<DVTFilePath:0x1446eaa30:'/var/folders/xk/7582fw395t141_v_3805xh5c0000gn/T/challenges.xcarchive/Products/Applications/challenges.app/Frameworks/CryptoiOSDevice.framework'>', codeSigningInfo='<_DVTCodeSigningInformation_Path: 0x147312d30; isSigned='1', isAdHocSigned='0', signingCertificate='<DVTSigningCertificate: 0x150162720; name='Apple Development: Peter Williams (K56C3A8A9Y)', hash='21063ADCE9DF8A6743D6C3240A31589DC94323E2', serialNumber='28C291DFC73A074C6676ED516C068ED6', certificateKinds='(
    "1.2.840.113635.100.6.1.12",
    "1.2.840.113635.100.6.1.2"
), issueDate='2023-06-01 06:55:46 +0000''>', entitlements='(null)', teamID='NGAXM5F6FL', identifier='com.xojo.cryptoiosdevice.dylib', executablePath='<DVTFilePath:0x1473ff540:'/var/folders/xk/7582fw395t141_v_3805xh5c0000gn/T/challenges.xcarchive/Products/Applications/challenges.app/Frameworks/CryptoiOSDevice.framework/CryptoiOSDevice'>', hardenedRuntime='0'>'> to: /var/folders/xk/7582fw395t141_v_3805xh5c0000gn/T/XcodeDistPipeline.~~~1GXcjL/entitlements~~~YXkAYx
2023-06-01 16:26:14 +0000 [MT] Running /usr/bin/codesign '-vvv' '--force' '--sign' 'B75C91375FD1F1E6BDBE1D445D00C4A9A4260995' '--entitlements' '/var/folders/xk/7582fw395t141_v_3805xh5c0000gn/T/XcodeDistPipeline.~~~1GXcjL/entitlements~~~YXkAYx' '--generate-entitlement-der' '--preserve-metadata=identifier,flags,runtime' '/var/folders/xk/7582fw395t141_v_3805xh5c0000gn/T/XcodeDistPipeline.~~~1GXcjL/Root/Payload/challenges.app/Frameworks/CryptoiOSDevice.framework'
2023-06-01 16:26:14 +0000  /var/folders/xk/7582fw395t141_v_3805xh5c0000gn/T/XcodeDistPipeline.~~~1GXcjL/Root/Payload/challenges.app/Frameworks/CryptoiOSDevice.framework: replacing existing signature
2023-06-01 16:26:14 +0000  /var/folders/xk/7582fw395t141_v_3805xh5c0000gn/T/XcodeDistPipeline.~~~1GXcjL/Root/Payload/challenges.app/Frameworks/CryptoiOSDevice.framework: signed bundle with Mach-O thin (arm64) [com.xojo.cryptoiosdevice.dylib]
2023-06-01 16:26:14 +0000 [MT] /usr/bin/codesign exited with 0
2023-06-01 16:26:14 +0000 [MT] Entitlements for <IDEDistributionItem: 0x1472efc20; bundleID='com.xojo.internetencodingsiosdevice.dylib', path='<DVTFilePath:0x1442f4420:'/var/folders/xk/7582fw395t141_v_3805xh5c0000gn/T/challenges.xcarchive/Products/Applications/challenges.app/Frameworks/InternetEncodingsiOSDevice.framework'>', codeSigningInfo='<_DVTCodeSigningInformation_Path: 0x1472f2110; isSigned='1', isAdHocSigned='0', signingCertificate='<DVTSigningCertificate: 0x15025e3a0; name='Apple Development: Peter Williams (K56C3A8A9Y)', hash='21063ADCE9DF8A6743D6C3240A31589DC94323E2', serialNumber='28C291DFC73A074C6676ED516C068ED6', certificateKinds='(
    "1.2.840.113635.100.6.1.12",
    "1.2.840.113635.100.6.1.2"
), issueDate='2023-06-01 06:55:46 +0000''>', entitlements='(null)', teamID='NGAXM5F6FL', identifier='com.xojo.internetencodingsiosdevice.dylib', executablePath='<DVTFilePath:0x1472f1ee0:'/var/folders/xk/7582fw395t141_v_3805xh5c0000gn/T/challenges.xcarchive/Products/Applications/challenges.app/Frameworks/InternetEncodingsiOSDevice.framework/InternetEncodingsiOSDevice'>', hardenedRuntime='0'>'>: {
}
2023-06-01 16:26:14 +0000 [MT] Entitlements for <IDEDistributionItem: 0x1472efc20; bundleID='com.xojo.internetencodingsiosdevice.dylib', path='<DVTFilePath:0x1442f4420:'/var/folders/xk/7582fw395t141_v_3805xh5c0000gn/T/challenges.xcarchive/Products/Applications/challenges.app/Frameworks/InternetEncodingsiOSDevice.framework'>', codeSigningInfo='<_DVTCodeSigningInformation_Path: 0x1472f2110; isSigned='1', isAdHocSigned='0', signingCertificate='<DVTSigningCertificate: 0x150263a90; name='Apple Development: Peter Williams (K56C3A8A9Y)', hash='21063ADCE9DF8A6743D6C3240A31589DC94323E2', serialNumber='28C291DFC73A074C6676ED516C068ED6', certificateKinds='(
    "1.2.840.113635.100.6.1.12",
    "1.2.840.113635.100.6.1.2"
), issueDate='2023-06-01 06:55:46 +0000''>', entitlements='(null)', teamID='NGAXM5F6FL', identifier='com.xojo.internetencodingsiosdevice.dylib', executablePath='<DVTFilePath:0x1472f1ee0:'/var/folders/xk/7582fw395t141_v_3805xh5c0000gn/T/challenges.xcarchive/Products/Applications/challenges.app/Frameworks/InternetEncodingsiOSDevice.framework/InternetEncodingsiOSDevice'>', hardenedRuntime='0'>'> are: {
}
2023-06-01 16:26:14 +0000 [MT] Writing entitlements for <IDEDistributionItem: 0x1472efc20; bundleID='com.xojo.internetencodingsiosdevice.dylib', path='<DVTFilePath:0x1442f4420:'/var/folders/xk/7582fw395t141_v_3805xh5c0000gn/T/challenges.xcarchive/Products/Applications/challenges.app/Frameworks/InternetEncodingsiOSDevice.framework'>', codeSigningInfo='<_DVTCodeSigningInformation_Path: 0x1472f2110; isSigned='1', isAdHocSigned='0', signingCertificate='<DVTSigningCertificate: 0x150155bd0; name='Apple Development: Peter Williams (K56C3A8A9Y)', hash='21063ADCE9DF8A6743D6C3240A31589DC94323E2', serialNumber='28C291DFC73A074C6676ED516C068ED6', certificateKinds='(
    "1.2.840.113635.100.6.1.12",
    "1.2.840.113635.100.6.1.2"
), issueDate='2023-06-01 06:55:46 +0000''>', entitlements='(null)', teamID='NGAXM5F6FL', identifier='com.xojo.internetencodingsiosdevice.dylib', executablePath='<DVTFilePath:0x1472f1ee0:'/var/folders/xk/7582fw395t141_v_3805xh5c0000gn/T/challenges.xcarchive/Products/Applications/challenges.app/Frameworks/InternetEncodingsiOSDevice.framework/InternetEncodingsiOSDevice'>', hardenedRuntime='0'>'> to: /var/folders/xk/7582fw395t141_v_3805xh5c0000gn/T/XcodeDistPipeline.~~~1GXcjL/entitlements~~~E6Vy6v
2023-06-01 16:26:14 +0000 [MT] Running /usr/bin/codesign '-vvv' '--force' '--sign' 'B75C91375FD1F1E6BDBE1D445D00C4A9A4260995' '--entitlements' '/var/folders/xk/7582fw395t141_v_3805xh5c0000gn/T/XcodeDistPipeline.~~~1GXcjL/entitlements~~~E6Vy6v' '--generate-entitlement-der' '--preserve-metadata=identifier,flags,runtime' '/var/folders/xk/7582fw395t141_v_3805xh5c0000gn/T/XcodeDistPipeline.~~~1GXcjL/Root/Payload/challenges.app/Frameworks/InternetEncodingsiOSDevice.framework'
2023-06-01 16:26:14 +0000  /var/folders/xk/7582fw395t141_v_3805xh5c0000gn/T/XcodeDistPipeline.~~~1GXcjL/Root/Payload/challenges.app/Frameworks/InternetEncodingsiOSDevice.framework: replacing existing signature
2023-06-01 16:26:14 +0000  /var/folders/xk/7582fw395t141_v_3805xh5c0000gn/T/XcodeDistPipeline.~~~1GXcjL/Root/Payload/challenges.app/Frameworks/InternetEncodingsiOSDevice.framework: signed bundle with Mach-O thin (arm64) [com.xojo.internetencodingsiosdevice.dylib]
2023-06-01 16:26:14 +0000 [MT] /usr/bin/codesign exited with 0
2023-06-01 16:26:14 +0000 [MT] Entitlements for <IDEDistributionItem: 0x1472f3000; bundleID='com.xojo.sqlitedatabaseiosdevice.dylib', path='<DVTFilePath:0x1472fb4b0:'/var/folders/xk/7582fw395t141_v_3805xh5c0000gn/T/challenges.xcarchive/Products/Applications/challenges.app/Frameworks/SQLiteDatabaseiOS_Device.framework'>', codeSigningInfo='<_DVTCodeSigningInformation_Path: 0x150006f30; isSigned='1', isAdHocSigned='0', signingCertificate='<DVTSigningCertificate: 0x14775e560; name='Apple Development: Peter Williams (K56C3A8A9Y)', hash='21063ADCE9DF8A6743D6C3240A31589DC94323E2', serialNumber='28C291DFC73A074C6676ED516C068ED6', certificateKinds='(
    "1.2.840.113635.100.6.1.12",
    "1.2.840.113635.100.6.1.2"
), issueDate='2023-06-01 06:55:46 +0000''>', entitlements='(null)', teamID='NGAXM5F6FL', identifier='com.xojo.sqlitedatabaseiosdevice.dylib', executablePath='<DVTFilePath:0x1471fc1e0:'/var/folders/xk/7582fw395t141_v_3805xh5c0000gn/T/challenges.xcarchive/Products/Applications/challenges.app/Frameworks/SQLiteDatabaseiOS_Device.framework/SQLiteDatabaseiOS_Device'>', hardenedRuntime='0'>'>: {
}
2023-06-01 16:26:14 +0000 [MT] Entitlements for <IDEDistributionItem: 0x1472f3000; bundleID='com.xojo.sqlitedatabaseiosdevice.dylib', path='<DVTFilePath:0x1472fb4b0:'/var/folders/xk/7582fw395t141_v_3805xh5c0000gn/T/challenges.xcarchive/Products/Applications/challenges.app/Frameworks/SQLiteDatabaseiOS_Device.framework'>', codeSigningInfo='<_DVTCodeSigningInformation_Path: 0x150006f30; isSigned='1', isAdHocSigned='0', signingCertificate='<DVTSigningCertificate: 0x150260080; name='Apple Development: Peter Williams (K56C3A8A9Y)', hash='21063ADCE9DF8A6743D6C3240A31589DC94323E2', serialNumber='28C291DFC73A074C6676ED516C068ED6', certificateKinds='(
    "1.2.840.113635.100.6.1.12",
    "1.2.840.113635.100.6.1.2"
), issueDate='2023-06-01 06:55:46 +0000''>', entitlements='(null)', teamID='NGAXM5F6FL', identifier='com.xojo.sqlitedatabaseiosdevice.dylib', executablePath='<DVTFilePath:0x1471fc1e0:'/var/folders/xk/7582fw395t141_v_3805xh5c0000gn/T/challenges.xcarchive/Products/Applications/challenges.app/Frameworks/SQLiteDatabaseiOS_Device.framework/SQLiteDatabaseiOS_Device'>', hardenedRuntime='0'>'> are: {
}
2023-06-01 16:26:14 +0000 [MT] Writing entitlements for <IDEDistributionItem: 0x1472f3000; bundleID='com.xojo.sqlitedatabaseiosdevice.dylib', path='<DVTFilePath:0x1472fb4b0:'/var/folders/xk/7582fw395t141_v_3805xh5c0000gn/T/challenges.xcarchive/Products/Applications/challenges.app/Frameworks/SQLiteDatabaseiOS_Device.framework'>', codeSigningInfo='<_DVTCodeSigningInformation_Path: 0x150006f30; isSigned='1', isAdHocSigned='0', signingCertificate='<DVTSigningCertificate: 0x150155bd0; name='Apple Development: Peter Williams (K56C3A8A9Y)', hash='21063ADCE9DF8A6743D6C3240A31589DC94323E2', serialNumber='28C291DFC73A074C6676ED516C068ED6', certificateKinds='(
    "1.2.840.113635.100.6.1.12",
    "1.2.840.113635.100.6.1.2"
), issueDate='2023-06-01 06:55:46 +0000''>', entitlements='(null)', teamID='NGAXM5F6FL', identifier='com.xojo.sqlitedatabaseiosdevice.dylib', executablePath='<DVTFilePath:0x1471fc1e0:'/var/folders/xk/7582fw395t141_v_3805xh5c0000gn/T/challenges.xcarchive/Products/Applications/challenges.app/Frameworks/SQLiteDatabaseiOS_Device.framework/SQLiteDatabaseiOS_Device'>', hardenedRuntime='0'>'> to: /var/folders/xk/7582fw395t141_v_3805xh5c0000gn/T/XcodeDistPipeline.~~~1GXcjL/entitlements~~~XNQ1W0
2023-06-01 16:26:14 +0000 [MT] Running /usr/bin/codesign '-vvv' '--force' '--sign' 'B75C91375FD1F1E6BDBE1D445D00C4A9A4260995' '--entitlements' '/var/folders/xk/7582fw395t141_v_3805xh5c0000gn/T/XcodeDistPipeline.~~~1GXcjL/entitlements~~~XNQ1W0' '--generate-entitlement-der' '--preserve-metadata=identifier,flags,runtime' '/var/folders/xk/7582fw395t141_v_3805xh5c0000gn/T/XcodeDistPipeline.~~~1GXcjL/Root/Payload/challenges.app/Frameworks/SQLiteDatabaseiOS_Device.framework'
2023-06-01 16:26:14 +0000  /var/folders/xk/7582fw395t141_v_3805xh5c0000gn/T/XcodeDistPipeline.~~~1GXcjL/Root/Payload/challenges.app/Frameworks/SQLiteDatabaseiOS_Device.framework: replacing existing signature
2023-06-01 16:26:15 +0000  /var/folders/xk/7582fw395t141_v_3805xh5c0000gn/T/XcodeDistPipeline.~~~1GXcjL/Root/Payload/challenges.app/Frameworks/SQLiteDatabaseiOS_Device.framework: signed bundle with Mach-O thin (arm64) [com.xojo.sqlitedatabaseiosdevice.dylib]
2023-06-01 16:26:15 +0000 [MT] /usr/bin/codesign exited with 0
2023-06-01 16:26:15 +0000 [MT] Entitlements for <IDEDistributionItem: 0x1440d4450; bundleID='com.emirateshr.yomly-challenges', path='<DVTFilePath:0x1473f4490:'/var/folders/xk/7582fw395t141_v_3805xh5c0000gn/T/challenges.xcarchive/Products/Applications/challenges.app'>', codeSigningInfo='<_DVTCodeSigningInformation_Path: 0x147728190; isSigned='1', isAdHocSigned='0', signingCertificate='<DVTSigningCertificate: 0x14777c100; name='Apple Development: Peter Williams (K56C3A8A9Y)', hash='21063ADCE9DF8A6743D6C3240A31589DC94323E2', serialNumber='28C291DFC73A074C6676ED516C068ED6', certificateKinds='(
    "1.2.840.113635.100.6.1.12",
    "1.2.840.113635.100.6.1.2"
), issueDate='2023-06-01 06:55:46 +0000''>', entitlements='{
    "application-identifier" = "NGAXM5F6FL.com.emirateshr.yomly-challenges";
    "com.apple.developer.team-identifier" = NGAXM5F6FL;
    "get-task-allow" = 1;
    "keychain-access-groups" =     (
        "NGAXM5F6FL.com.emirateshr.yomly-challenges"
    );
}', teamID='NGAXM5F6FL', identifier='com.emirateshr.yomly-challenges', executablePath='<DVTFilePath:0x1440eafa0:'/var/folders/xk/7582fw395t141_v_3805xh5c0000gn/T/challenges.xcarchive/Products/Applications/challenges.app/challenges'>', hardenedRuntime='0'>'>: {
    "application-identifier" = "NGAXM5F6FL.com.emirateshr.yomly-challenges";
    "beta-reports-active" = 1;
    "com.apple.developer.team-identifier" = NGAXM5F6FL;
    "get-task-allow" = 0;
    "keychain-access-groups" =     (
        "NGAXM5F6FL.com.emirateshr.yomly-challenges"
    );
}
2023-06-01 16:26:15 +0000 [MT] Entitlements for <IDEDistributionItem: 0x1440d4450; bundleID='com.emirateshr.yomly-challenges', path='<DVTFilePath:0x1473f4490:'/var/folders/xk/7582fw395t141_v_3805xh5c0000gn/T/challenges.xcarchive/Products/Applications/challenges.app'>', codeSigningInfo='<_DVTCodeSigningInformation_Path: 0x147728190; isSigned='1', isAdHocSigned='0', signingCertificate='<DVTSigningCertificate: 0x15025e370; name='Apple Development: Peter Williams (K56C3A8A9Y)', hash='21063ADCE9DF8A6743D6C3240A31589DC94323E2', serialNumber='28C291DFC73A074C6676ED516C068ED6', certificateKinds='(
    "1.2.840.113635.100.6.1.12",
    "1.2.840.113635.100.6.1.2"
), issueDate='2023-06-01 06:55:46 +0000''>', entitlements='{
    "application-identifier" = "NGAXM5F6FL.com.emirateshr.yomly-challenges";
    "com.apple.developer.team-identifier" = NGAXM5F6FL;
    "get-task-allow" = 1;
    "keychain-access-groups" =     (
        "NGAXM5F6FL.com.emirateshr.yomly-challenges"
    );
}', teamID='NGAXM5F6FL', identifier='com.emirateshr.yomly-challenges', executablePath='<DVTFilePath:0x1440eafa0:'/var/folders/xk/7582fw395t141_v_3805xh5c0000gn/T/challenges.xcarchive/Products/Applications/challenges.app/challenges'>', hardenedRuntime='0'>'> are: {
    "application-identifier" = "NGAXM5F6FL.com.emirateshr.yomly-challenges";
    "beta-reports-active" = 1;
    "com.apple.developer.team-identifier" = NGAXM5F6FL;
    "get-task-allow" = 0;
    "keychain-access-groups" =     (
        "NGAXM5F6FL.com.emirateshr.yomly-challenges"
    );
}
2023-06-01 16:26:15 +0000 [MT] Writing entitlements for <IDEDistributionItem: 0x1440d4450; bundleID='com.emirateshr.yomly-challenges', path='<DVTFilePath:0x1473f4490:'/var/folders/xk/7582fw395t141_v_3805xh5c0000gn/T/challenges.xcarchive/Products/Applications/challenges.app'>', codeSigningInfo='<_DVTCodeSigningInformation_Path: 0x147728190; isSigned='1', isAdHocSigned='0', signingCertificate='<DVTSigningCertificate: 0x150069610; name='Apple Development: Peter Williams (K56C3A8A9Y)', hash='21063ADCE9DF8A6743D6C3240A31589DC94323E2', serialNumber='28C291DFC73A074C6676ED516C068ED6', certificateKinds='(
    "1.2.840.113635.100.6.1.12",
    "1.2.840.113635.100.6.1.2"
), issueDate='2023-06-01 06:55:46 +0000''>', entitlements='{
    "application-identifier" = "NGAXM5F6FL.com.emirateshr.yomly-challenges";
    "com.apple.developer.team-identifier" = NGAXM5F6FL;
    "get-task-allow" = 1;
    "keychain-access-groups" =     (
        "NGAXM5F6FL.com.emirateshr.yomly-challenges"
    );
}', teamID='NGAXM5F6FL', identifier='com.emirateshr.yomly-challenges', executablePath='<DVTFilePath:0x1440eafa0:'/var/folders/xk/7582fw395t141_v_3805xh5c0000gn/T/challenges.xcarchive/Products/Applications/challenges.app/challenges'>', hardenedRuntime='0'>'> to: /var/folders/xk/7582fw395t141_v_3805xh5c0000gn/T/XcodeDistPipeline.~~~1GXcjL/entitlements~~~IRwVLV
2023-06-01 16:26:15 +0000 [MT] Running /usr/bin/codesign '-vvv' '--force' '--sign' 'B75C91375FD1F1E6BDBE1D445D00C4A9A4260995' '--entitlements' '/var/folders/xk/7582fw395t141_v_3805xh5c0000gn/T/XcodeDistPipeline.~~~1GXcjL/entitlements~~~IRwVLV' '--generate-entitlement-der' '--preserve-metadata=identifier,flags,runtime' '/var/folders/xk/7582fw395t141_v_3805xh5c0000gn/T/XcodeDistPipeline.~~~1GXcjL/Root/Payload/challenges.app'
2023-06-01 16:26:15 +0000  /var/folders/xk/7582fw395t141_v_3805xh5c0000gn/T/XcodeDistPipeline.~~~1GXcjL/Root/Payload/challenges.app: replacing existing signature
2023-06-01 16:26:15 +0000  /var/folders/xk/7582fw395t141_v_3805xh5c0000gn/T/XcodeDistPipeline.~~~1GXcjL/Root/Payload/challenges.app: signed app bundle with Mach-O thin (arm64) [com.emirateshr.yomly-challenges]
2023-06-01 16:26:15 +0000 [MT] /usr/bin/codesign exited with 0
2023-06-01 16:26:15 +0000 [MT] Processing step: IDEDistributionZipODRItemStep
2023-06-01 16:26:15 +0000 [MT] Skipping step: IDEDistributionZipODRItemStep because it said so
2023-06-01 16:26:15 +0000 [MT] Skipping step: IDEDistributionZipODRItemStep because it said so
2023-06-01 16:26:15 +0000 [MT] Skipping step: IDEDistributionZipODRItemStep because it said so
2023-06-01 16:26:15 +0000 [MT] Skipping step: IDEDistributionZipODRItemStep because it said so
2023-06-01 16:26:15 +0000 [MT] Processing step: IDEDistributionCreateIPAStep
2023-06-01 16:26:15 +0000 [MT] Running /usr/bin/rsync '-8aPhhE' '/var/folders/xk/7582fw395t141_v_3805xh5c0000gn/T/XcodeDistPipeline.~~~1GXcjL/Symbols' '--link-dest' '/var/folders/xk/7582fw395t141_v_3805xh5c0000gn/T/XcodeDistPipeline.~~~1GXcjL' '/var/folders/xk/7582fw395t141_v_3805xh5c0000gn/T/XcodeDistPipeline.~~~1GXcjL/Root'
2023-06-01 16:26:15 +0000  building file list ... 
2023-06-01 16:26:15 +0000   0 files...2023-06-01 16:26:15 +0000  5 files to consider
2023-06-01 16:26:15 +0000  Symbols/
2023-06-01 16:26:15 +0000  
sent 298 bytes  received 26 bytes  648.00 bytes/sec
2023-06-01 16:26:15 +0000  total size is 8.40M  speedup is 27197.28
2023-06-01 16:26:15 +0000 [MT] /usr/bin/rsync exited with 0
2023-06-01 16:26:15 +0000 [MT] Running /usr/bin/ditto '-V' '-c' '-k' '--norsrc' '/var/folders/xk/7582fw395t141_v_3805xh5c0000gn/T/XcodeDistPipeline.~~~1GXcjL/Root' '/var/folders/xk/7582fw395t141_v_3805xh5c0000gn/T/XcodeDistPipeline.~~~1GXcjL/Packages/challenges.ipa'
2023-06-01 16:26:15 +0000  >>> Copying /var/folders/xk/7582fw395t141_v_3805xh5c0000gn/T/XcodeDistPipeline.~~~1GXcjL/Root 
2023-06-01 16:26:15 +0000  copying file ./Payload/challenges.app/_CodeSignature/CodeResources ... 
2023-06-01 16:26:15 +0000  20563 bytes for ./Payload/challenges.app/_CodeSignature/CodeResources
2023-06-01 16:26:15 +0000  copying file ./Payload/challenges.app/icon_location3x.png ... 
2023-06-01 16:26:15 +0000  4337 bytes for ./Payload/challenges.app/icon_location3x.png
2023-06-01 16:26:15 +0000  copying file ./Payload/challenges.app/AppIcon20x20@2x.png ... 
2023-06-01 16:26:15 +0000  2845 bytes for ./Payload/challenges.app/AppIcon20x20@2x.png
2023-06-01 16:26:15 +0000  copying file ./Payload/challenges.app/icon_stairsDesc3x.png ... 
2023-06-01 16:26:15 +0000  2618 bytes for ./Payload/challenges.app/icon_stairsDesc3x.png
2023-06-01 16:26:15 +0000  copying file ./Payload/challenges.app/female_default.png ... 
2023-06-01 16:26:15 +0000  32298 bytes for ./Payload/challenges.app/female_default.png
2023-06-01 16:26:15 +0000  copying file ./Payload/challenges.app/icon_stairsAscen2x.png ... 
2023-06-01 16:26:15 +0000  2110 bytes for ./Payload/challenges.app/icon_stairsAscen2x.png
2023-06-01 16:26:15 +0000  copying file ./Payload/challenges.app/icon_stairsAscen3x.png ... 
2023-06-01 16:26:15 +0000  2514 bytes for ./Payload/challenges.app/icon_stairsAscen3x.png
2023-06-01 16:26:15 +0000  copying file ./Payload/challenges.app/feet.png ... 
2023-06-01 16:26:15 +0000  57105 bytes for ./Payload/challenges.app/feet.png
2023-06-01 16:26:15 +0000  copying file ./Payload/challenges.app/steps.png ... 
2023-06-01 16:26:15 +0000  13439 bytes for ./Payload/challenges.app/steps.png
2023-06-01 16:26:15 +0000  copying file ./Payload/challenges.app/icon_stairsDesc2x.png ... 
2023-06-01 16:26:15 +0000  2134 bytes for ./Payload/challenges.app/icon_stairsDesc2x.png
2023-06-01 16:26:15 +0000  copying file ./Payload/challenges.app/AppIcon20x20@3x.png ... 
2023-06-01 16:26:15 +0000  3853 bytes for ./Payload/challenges.app/AppIcon20x20@3x.png
2023-06-01 16:26:15 +0000  copying file ./Payload/challenges.app/figurewalking.png ... 
2023-06-01 16:26:15 +0000  1796 bytes for ./Payload/challenges.app/figurewalking.png
2023-06-01 16:26:15 +0000  copying file ./Payload/challenges.app/challenges.db ... 
2023-06-01 16:26:15 +0000  32768 bytes for ./Payload/challenges.app/challenges.db
2023-06-01 16:26:15 +0000  copying file ./Payload/challenges.app/AppIcon60x60@2x.png ... 
2023-06-01 16:26:15 +0000  7997 bytes for ./Payload/challenges.app/AppIcon60x60@2x.png
2023-06-01 16:26:15 +0000  copying file ./Payload/challenges.app/AppIcon29x29@2x.png ... 
2023-06-01 16:26:15 +0000  3703 bytes for ./Payload/challenges.app/AppIcon29x29@2x.png
2023-06-01 16:26:15 +0000  copying file ./Payload/challenges.app/icon_shoe2x.png ... 
2023-06-01 16:26:15 +0000  4291 bytes for ./Payload/challenges.app/icon_shoe2x.png
2023-06-01 16:26:15 +0000  copying file ./Payload/challenges.app/challenges ... 
2023-06-01 16:26:15 +0000  8339296 bytes for ./Payload/challenges.app/challenges
2023-06-01 16:26:15 +0000  copying file ./Payload/challenges.app/icon_stopWatch3x.png ... 
6582 bytes for ./Payload/challenges.app/icon_stopWatch3x.png
copying file ./Payload/challenges.app/AppIcon40x40@3x.png ... 
2023-06-01 16:26:15 +0000  7997 bytes for ./Payload/challenges.app/AppIcon40x40@3x.png
copying file ./Payload/challenges.app/icon_stopWatch.png ... 
2023-06-01 16:26:15 +0000  2706 bytes for ./Payload/challenges.app/icon_stopWatch.png
2023-06-01 16:26:15 +0000  copying file ./Payload/challenges.app/challenges.png ... 
2023-06-01 16:26:15 +0000  22682 bytes for ./Payload/challenges.app/challenges.png
2023-06-01 16:26:15 +0000  copying file ./Payload/challenges.app/AppIcon29x29~ipad.png ... 
2023-06-01 16:26:15 +0000  2301 bytes for ./Payload/challenges.app/AppIcon29x29~ipad.png
copying file ./Payload/challenges.app/icon_stopWatch2x.png ... 
2023-06-01 16:26:15 +0000  4674 bytes for ./Payload/challenges.app/icon_stopWatch2x.png
2023-06-01 16:26:15 +0000  copying file ./Payload/challenges.app/AppIcon40x40@2x.png ... 
2023-06-01 16:26:15 +0000  4803 bytes for ./Payload/challenges.app/AppIcon40x40@2x.png
2023-06-01 16:26:15 +0000  copying file ./Payload/challenges.app/video1.mp4 ... 
2023-06-01 16:26:15 +0000  14596386 bytes for ./Payload/challenges.app/video1.mp4
2023-06-01 16:26:15 +0000  copying file ./Payload/challenges.app/AppIcon29x29@3x.png ... 
2023-06-01 16:26:15 +0000  5290 bytes for ./Payload/challenges.app/AppIcon29x29@3x.png
2023-06-01 16:26:15 +0000  copying file ./Payload/challenges.app/video3.mp4 ... 
2023-06-01 16:26:15 +0000  4573867 bytes for ./Payload/challenges.app/video3.mp4
2023-06-01 16:26:15 +0000  copying file ./Payload/challenges.app/house.png ... 
1959 bytes for ./Payload/challenges.app/house.png
copying file ./Payload/challenges.app/AppIcon60x60@3x.png ... 
2023-06-01 16:26:15 +0000  13863 bytes for ./Payload/challenges.app/AppIcon60x60@3x.png
2023-06-01 16:26:15 +0000  copying file ./Payload/challenges.app/Base.lproj/LaunchScreen.storyboardc/01J-lp-oVM-view-x8a-gp-iyx.nib ... 
2023-06-01 16:26:15 +0000  2541 bytes for ./Payload/challenges.app/Base.lproj/LaunchScreen.storyboardc/01J-lp-oVM-view-x8a-gp-iyx.nib
2023-06-01 16:26:15 +0000  copying file ./Payload/challenges.app/Base.lproj/LaunchScreen.storyboardc/UIViewController-01J-lp-oVM.nib ... 
2023-06-01 16:26:15 +0000  896 bytes for ./Payload/challenges.app/Base.lproj/LaunchScreen.storyboardc/UIViewController-01J-lp-oVM.nib
2023-06-01 16:26:15 +0000  copying file ./Payload/challenges.app/Base.lproj/LaunchScreen.storyboardc/Info.plist ... 
2023-06-01 16:26:15 +0000  258 bytes for ./Payload/challenges.app/Base.lproj/LaunchScreen.storyboardc/Info.plist
2023-06-01 16:26:15 +0000  copying file ./Payload/challenges.app/video2.mp4 ... 
2023-06-01 16:26:15 +0000  3372329 bytes for ./Payload/challenges.app/video2.mp4
2023-06-01 16:26:15 +0000  copying file ./Payload/challenges.app/archived-expanded-entitlements.xcent ... 
2023-06-01 16:26:15 +0000  400 bytes for ./Payload/challenges.app/archived-expanded-entitlements.xcent
2023-06-01 16:26:15 +0000  copying file ./Payload/challenges.app/paperPlane.png ... 
2023-06-01 16:26:15 +0000  1962 bytes for ./Payload/challenges.app/paperPlane.png
2023-06-01 16:26:15 +0000  copying file ./Payload/challenges.app/icon_avatar2x.png ... 
2023-06-01 16:26:15 +0000  8419 bytes for ./Payload/challenges.app/icon_avatar2x.png
2023-06-01 16:26:15 +0000  copying file ./Payload/challenges.app/icon_stairsDesc.png ... 
2023-06-01 16:26:15 +0000  1685 bytes for ./Payload/challenges.app/icon_stairsDesc.png
2023-06-01 16:26:15 +0000  copying file ./Payload/challenges.app/Assets.car ... 
2023-06-01 16:26:15 +0000  293608 bytes for ./Payload/challenges.app/Assets.car
2023-06-01 16:26:15 +0000  copying file ./Payload/challenges.app/AppIcon76x76@2x~ipad.png ... 
2023-06-01 16:26:15 +0000  11465 bytes for ./Payload/challenges.app/AppIcon76x76@2x~ipad.png
2023-06-01 16:26:15 +0000  copying file ./Payload/challenges.app/icon_location.png ... 
2023-06-01 16:26:15 +0000  2082 bytes for ./Payload/challenges.app/icon_location.png
2023-06-01 16:26:15 +0000  copying file ./Payload/challenges.app/icon_location_small2x.png ... 
2023-06-01 16:26:15 +0000  1917 bytes for ./Payload/challenges.app/icon_location_small2x.png
2023-06-01 16:26:15 +0000  copying file ./Payload/challenges.app/icon_calories.png ... 
2023-06-01 16:26:15 +0000  1518 bytes for ./Payload/challenges.app/icon_calories.png
2023-06-01 16:26:15 +0000  copying file ./Payload/challenges.app/icon_stairsAscen.png ... 
2023-06-01 16:26:15 +0000  1684 bytes for ./Payload/challenges.app/icon_stairsAscen.png
2023-06-01 16:26:15 +0000  copying file ./Payload/challenges.app/AppIcon83.5x83.5@2x~ipad.png ... 
2023-06-01 16:26:15 +0000  13340 bytes for ./Payload/challenges.app/AppIcon83.5x83.5@2x~ipad.png
2023-06-01 16:26:15 +0000  copying file ./Payload/challenges.app/icon_location3x1.png ... 
2023-06-01 16:26:15 +0000  4337 bytes for ./Payload/challenges.app/icon_location3x1.png
2023-06-01 16:26:15 +0000  copying file ./Payload/challenges.app/metrics.png ... 
2023-06-01 16:26:15 +0000  1945 bytes for ./Payload/challenges.app/metrics.png
2023-06-01 16:26:15 +0000  copying file ./Payload/challenges.app/daybreak.png ... 
2023-06-01 16:26:15 +0000  657410 bytes for ./Payload/challenges.app/daybreak.png
2023-06-01 16:26:15 +0000  copying file ./Payload/challenges.app/male_default.png ... 
2023-06-01 16:26:15 +0000  26975 bytes for ./Payload/challenges.app/male_default.png
2023-06-01 16:26:15 +0000  copying file ./Payload/challenges.app/AppIcon40x40~ipad.png ... 
2023-06-01 16:26:15 +0000  2807 bytes for ./Payload/challenges.app/AppIcon40x40~ipad.png
2023-06-01 16:26:15 +0000  copying file ./Payload/challenges.app/Frameworks/CryptoiOSDevice.framework/_CodeSignature/CodeResources ... 
2023-06-01 16:26:15 +0000  1798 bytes for ./Payload/challenges.app/Frameworks/CryptoiOSDevice.framework/_CodeSignature/CodeResources
2023-06-01 16:26:15 +0000  copying file ./Payload/challenges.app/Frameworks/CryptoiOSDevice.framework/CryptoiOSDevice ... 
2023-06-01 16:26:15 +0000  695504 bytes for ./Payload/challenges.app/Frameworks/CryptoiOSDevice.framework/CryptoiOSDevice
2023-06-01 16:26:15 +0000  copying file ./Payload/challenges.app/Frameworks/CryptoiOSDevice.framework/Info.plist ... 
2023-06-01 16:26:15 +0000  1349 bytes for ./Payload/challenges.app/Frameworks/CryptoiOSDevice.framework/Info.plist
2023-06-01 16:26:15 +0000  copying file ./Payload/challenges.app/Frameworks/InternetEncodingsiOSDevice.framework/_CodeSignature/CodeResources ... 
2023-06-01 16:26:15 +0000  1798 bytes for ./Payload/challenges.app/Frameworks/InternetEncodingsiOSDevice.framework/_CodeSignature/CodeResources
2023-06-01 16:26:15 +0000  copying file ./Payload/challenges.app/Frameworks/InternetEncodingsiOSDevice.framework/InternetEncodingsiOSDevice ... 
2023-06-01 16:26:15 +0000  69200 bytes for ./Payload/challenges.app/Frameworks/InternetEncodingsiOSDevice.framework/InternetEncodingsiOSDevice
2023-06-01 16:26:15 +0000  copying file ./Payload/challenges.app/Frameworks/InternetEncodingsiOSDevice.framework/Info.plist ... 
2023-06-01 16:26:15 +0000  1382 bytes for ./Payload/challenges.app/Frameworks/InternetEncodingsiOSDevice.framework/Info.plist
2023-06-01 16:26:15 +0000  copying file ./Payload/challenges.app/Frameworks/SQLiteDatabaseiOS_Device.framework/_CodeSignature/CodeResources ... 
2023-06-01 16:26:15 +0000  1798 bytes for ./Payload/challenges.app/Frameworks/SQLiteDatabaseiOS_Device.framework/_CodeSignature/CodeResources
2023-06-01 16:26:15 +0000  copying file ./Payload/challenges.app/Frameworks/SQLiteDatabaseiOS_Device.framework/SQLiteDatabaseiOS_Device ... 
2023-06-01 16:26:16 +0000  1060384 bytes for ./Payload/challenges.app/Frameworks/SQLiteDatabaseiOS_Device.framework/SQLiteDatabaseiOS_Device
2023-06-01 16:26:16 +0000  copying file ./Payload/challenges.app/Frameworks/SQLiteDatabaseiOS_Device.framework/Info.plist ... 
2023-06-01 16:26:16 +0000  1375 bytes for ./Payload/challenges.app/Frameworks/SQLiteDatabaseiOS_Device.framework/Info.plist
2023-06-01 16:26:16 +0000  copying file ./Payload/challenges.app/embedded.mobileprovision ... 
2023-06-01 16:26:16 +0000  12178 bytes for ./Payload/challenges.app/embedded.mobileprovision
2023-06-01 16:26:16 +0000  copying file ./Payload/challenges.app/icon_caloriesBig2x.png ... 
2023-06-01 16:26:16 +0000  3267 bytes for ./Payload/challenges.app/icon_caloriesBig2x.png
2023-06-01 16:26:16 +0000  copying file ./Payload/challenges.app/Info.plist ... 
2023-06-01 16:26:16 +0000  3577 bytes for ./Payload/challenges.app/Info.plist
2023-06-01 16:26:16 +0000  copying file ./Payload/challenges.app/Teams.png ... 
2023-06-01 16:26:16 +0000  1056050 bytes for ./Payload/challenges.app/Teams.png
2023-06-01 16:26:16 +0000  copying file ./Payload/challenges.app/PkgInfo ... 
2023-06-01 16:26:16 +0000  8 bytes for ./Payload/challenges.app/PkgInfo
2023-06-01 16:26:16 +0000  copying file ./Payload/challenges.app/AppIcon76x76~ipad.png ... 
2023-06-01 16:26:16 +0000  4634 bytes for ./Payload/challenges.app/AppIcon76x76~ipad.png
2023-06-01 16:26:16 +0000  copying file ./Symbols/998DE46B-6A2F-3C17-8039-CD3E046455D2.symbols ... 
2023-06-01 16:26:16 +0000  1508 bytes for ./Symbols/998DE46B-6A2F-3C17-8039-CD3E046455D2.symbols
2023-06-01 16:26:16 +0000  copying file ./Symbols/BED42B04-5D02-307D-BA61-5958FEBFF5B1.symbols ... 
2023-06-01 16:26:16 +0000  76332 bytes for ./Symbols/BED42B04-5D02-307D-BA61-5958FEBFF5B1.symbols
2023-06-01 16:26:16 +0000  copying file ./Symbols/3FC0F238-83C2-30E8-B5C3-F2EB9A4EF92A.symbols ... 
2023-06-01 16:26:16 +0000  8660076 bytes for ./Symbols/3FC0F238-83C2-30E8-B5C3-F2EB9A4EF92A.symbols
2023-06-01 16:26:16 +0000  copying file ./Symbols/75A80F64-1428-3DEA-BC7D-0DF9A8F643D6.symbols ... 
2023-06-01 16:26:16 +0000  74004 bytes for ./Symbols/75A80F64-1428-3DEA-BC7D-0DF9A8F643D6.symbols
2023-06-01 16:26:16 +0000 [MT] /usr/bin/ditto exited with 0
2023-06-01 16:26:16 +0000 [MT] Processing step: IDEDistributionAppStoreInformationStep
2023-06-01 16:26:16 +0000 [MT] Skipping step: IDEDistributionAppStoreInformationStep because it said so
2023-06-01 16:26:16 +0000 [MT] Processing step: IDEDistributionGenerateProcessedDistributionItems
2023-06-01 16:26:16 +0000 [MT] IDEDistributionItem init <DVTFilePath:0x142f1cac0:'/var/folders/xk/7582fw395t141_v_3805xh5c0000gn/T/XcodeDistPipeline.~~~1GXcjL/Root/Payload/challenges.app/Frameworks/InternetEncodingsiOSDevice.framework'>
2023-06-01 16:26:16 +0000 [MT] IDEDistributionItem init <DVTFilePath:0x144705650:'/var/folders/xk/7582fw395t141_v_3805xh5c0000gn/T/XcodeDistPipeline.~~~1GXcjL/Root/Payload/challenges.app/Frameworks/CryptoiOSDevice.framework'>
2023-06-01 16:26:16 +0000 [MT] IDEDistributionItem init <DVTFilePath:0x144398cc0:'/var/folders/xk/7582fw395t141_v_3805xh5c0000gn/T/XcodeDistPipeline.~~~1GXcjL/Root/Payload/challenges.app/Frameworks/SQLiteDatabaseiOS_Device.framework'>
2023-06-01 16:26:16 +0000 [MT] IDEDistributionItem init <DVTFilePath:0x14774a5a0:'/var/folders/xk/7582fw395t141_v_3805xh5c0000gn/T/XcodeDistPipeline.~~~1GXcjL/Root/Payload/challenges.app'>
2023-06-01 16:26:16 +0000 [MT] Processing step: IDEDistributionCreateManifestStep
2023-06-01 16:26:16 +0000 [MT] Skipping step: IDEDistributionCreateManifestStep because it said so
