2023-06-05 05:12:59 +0000 [MT] Initial pipeline context: <IDEDistributionProcessingPipelineContext: 0x13ea20020; archive(resolved)="<IDEArchive: 0x13880aab0>", distributionTask(resolved)="2", distributionDestination(resolved)="1", distributionMethod(resolved)="<IDEDistributionMethodiOSAppStoreDistribution: 0x13a613560>", team(resolved)="<IDEProvisioningBasicTeam: 0x13a0f7640; teamID='NGAXM5F6FL', teamName='(null)'>">
	Chain (15, self inclusive):
	<IDEDistributionProcessingPipelineContext: 0x13ea20020; archive = "<IDEArchive: 0x13880aab0>", distributionMethod="<IDEDistributionMethodiOSAppStoreDistribution: 0x13a613560>", team="<IDEProvisioningBasicTeam: 0x13a0f7640; teamID='NGAXM5F6FL', teamName='(null)'>">
	<IDEDistributionProcessingPipelineContext: 0x13a1e8030; archive = "<IDEArchive: 0x13880aab0>", distributionMethod="<IDEDistributionMethodiOSAppStoreDistribution: 0x13a613560>", team="<IDEProvisioningBasicTeam: 0x13a0f7640; teamID='NGAXM5F6FL', teamName='(null)'>">
	<IDEDistributionContext: 0x13a1e25c0; archive = "<IDEArchive: 0x13880aab0>", distributionMethod="<IDEDistributionMethodiOSAppStoreDistribution: 0x13a613560>", team="<IDEProvisioningBasicTeam: 0x13a0f7640; teamID='NGAXM5F6FL', teamName='(null)'>">
	<IDEDistributionContext: 0x13a1916a0; archive = "<IDEArchive: 0x13880aab0>", distributionMethod="<IDEDistributionMethodiOSAppStoreDistribution: 0x13a613560>", team="<IDEProvisioningBasicTeam: 0x13a0f7640; teamID='NGAXM5F6FL', teamName='(null)'>">
	<IDEDistributionContext: 0x13a63b8b0; archive = "<IDEArchive: 0x13880aab0>", distributionMethod="<IDEDistributionMethodiOSAppStoreDistribution: 0x13a613560>", team="<IDEProvisioningBasicTeam: 0x13a0f7640; teamID='NGAXM5F6FL', teamName='(null)'>">
	<IDEDistributionContext: 0x13a27b570; archive = "<IDEArchive: 0x13880aab0>", distributionMethod="<IDEDistributionMethodiOSAppStoreDistribution: 0x13a613560>", team="<IDEProvisioningBasicTeam: 0x13a0f7640; teamID='NGAXM5F6FL', teamName='(null)'>">
	<IDEDistributionContext: 0x13a50eb10; archive = "<IDEArchive: 0x13880aab0>", distributionMethod="<IDEDistributionMethodiOSAppStoreDistribution: 0x13a613560>", team="<IDEProvisioningBasicTeam: 0x13a0f7640; teamID='NGAXM5F6FL', teamName='(null)'>">
	<IDEDistributionContext: 0x138997480; archive = "<IDEArchive: 0x13880aab0>", distributionMethod="<IDEDistributionMethodiOSAppStoreDistribution: 0x13a613560>", team="<IDEProvisioningBasicTeam: 0x13a0f7640; teamID='NGAXM5F6FL', teamName='(null)'>">
	<IDEDistributionContext: 0x13884d230; archive = "<IDEArchive: 0x13880aab0>", distributionMethod="<IDEDistributionMethodiOSAppStoreDistribution: 0x13a613560>", team="<IDEProvisioningBasicTeam: 0x13a0f7640; teamID='NGAXM5F6FL', teamName='(null)'>">
	<IDEDistributionContext: 0x13884fdd0; archive = "<IDEArchive: 0x13880aab0>", distributionMethod="<IDEDistributionMethodiOSAppStoreDistribution: 0x13a613560>", team="<IDEProvisioningBasicTeam: 0x13a0f7640; teamID='NGAXM5F6FL', teamName='(null)'>">
	<IDEDistributionContext: 0x13a1875a0; archive = "<IDEArchive: 0x13880aab0>", distributionMethod="<IDEDistributionMethodiOSAppStoreDistribution: 0x13a613560>", team="<IDEProvisioningBasicTeam: 0x13a0f7640; teamID='NGAXM5F6FL', teamName='(null)'>">
	<IDEDistributionContext: 0x13a2a9c90; archive = "<IDEArchive: 0x13880aab0>", distributionMethod="<IDEDistributionMethodiOSAppStoreDistribution: 0x13a613560>", team="<IDEProvisioningBasicTeam: 0x13a0f7640; teamID='NGAXM5F6FL', teamName='(null)'>">
	<IDEDistributionContext: 0x13a62be00; archive = "<IDEArchive: 0x13880aab0>", distributionMethod="<IDEDistributionMethodiOSAppStoreDistribution: 0x13a613560>", team="<IDEProvisioningBasicTeam: 0x13a0f7640; teamID='NGAXM5F6FL', teamName='(null)'>">
	<IDEDistributionContext: 0x1389888f0; archive = "<IDEArchive: 0x13880aab0>", distributionMethod="<IDEDistributionMethodiOSAppStoreDistribution: 0x13a613560>", team="(null)">
	<IDEDistributionContext: 0x138813db0; archive = "<IDEArchive: 0x13880aab0>", distributionMethod="(null)", team="(null)">
</IDEDistributionProcessingPipelineContext: 0x13ea20020>
2023-06-05 05:12:59 +0000 [MT] Processing step: IDEDistributionCreateDestRootStep
2023-06-05 05:12:59 +0000 [MT] Processing step: IDEDistributionCopyItemStep
2023-06-05 05:12:59 +0000 [MT] Running /usr/bin/ditto '-V' '/var/folders/xk/7582fw395t141_v_3805xh5c0000gn/T/challenges.debug.xcarchive/Products/Applications/challenges.debug.app' '/var/folders/xk/7582fw395t141_v_3805xh5c0000gn/T/XcodeDistPipeline.~~~Ifd65I/Root/Payload/challenges.debug.app'
2023-06-05 05:12:59 +0000  >>> Copying /var/folders/xk/7582fw395t141_v_3805xh5c0000gn/T/challenges.debug.xcarchive/Products/Applications/challenges.debug.app 
2023-06-05 05:12:59 +0000  copying file ./_CodeSignature/CodeResources ... 
2023-06-05 05:12:59 +0000  20563 bytes for ./_CodeSignature/CodeResources
2023-06-05 05:12:59 +0000  copying file ./icon_location3x.png ... 
2023-06-05 05:12:59 +0000  4337 bytes for ./icon_location3x.png
2023-06-05 05:12:59 +0000  copying file ./AppIcon20x20@2x.png ... 
2023-06-05 05:12:59 +0000  2845 bytes for ./AppIcon20x20@2x.png
2023-06-05 05:12:59 +0000  copying file ./icon_stairsDesc3x.png ... 
2023-06-05 05:12:59 +0000  2618 bytes for ./icon_stairsDesc3x.png
2023-06-05 05:12:59 +0000  copying file ./female_default.png ... 
2023-06-05 05:12:59 +0000  32298 bytes for ./female_default.png
2023-06-05 05:12:59 +0000  copying file ./icon_stairsAscen2x.png ... 
2023-06-05 05:12:59 +0000  2110 bytes for ./icon_stairsAscen2x.png
2023-06-05 05:12:59 +0000  copying file ./icon_stairsAscen3x.png ... 
2023-06-05 05:12:59 +0000  2514 bytes for ./icon_stairsAscen3x.png
2023-06-05 05:12:59 +0000  copying file ./feet.png ... 
2023-06-05 05:12:59 +0000  57105 bytes for ./feet.png
2023-06-05 05:12:59 +0000  copying file ./steps.png ... 
2023-06-05 05:12:59 +0000  13439 bytes for ./steps.png
2023-06-05 05:12:59 +0000  copying file ./icon_stairsDesc2x.png ... 
2023-06-05 05:12:59 +0000  2134 bytes for ./icon_stairsDesc2x.png
2023-06-05 05:12:59 +0000  copying file ./AppIcon20x20@3x.png ... 
2023-06-05 05:12:59 +0000  3853 bytes for ./AppIcon20x20@3x.png
2023-06-05 05:12:59 +0000  copying file ./figurewalking.png ... 
2023-06-05 05:12:59 +0000  1796 bytes for ./figurewalking.png
2023-06-05 05:12:59 +0000  copying file ./challenges.db ... 
2023-06-05 05:12:59 +0000  32768 bytes for ./challenges.db
2023-06-05 05:12:59 +0000  copying file ./AppIcon60x60@2x.png ... 
2023-06-05 05:12:59 +0000  7997 bytes for ./AppIcon60x60@2x.png
2023-06-05 05:12:59 +0000  copying file ./AppIcon29x29@2x.png ... 
2023-06-05 05:12:59 +0000  3703 bytes for ./AppIcon29x29@2x.png
2023-06-05 05:12:59 +0000  copying file ./icon_shoe2x.png ... 
2023-06-05 05:12:59 +0000  4291 bytes for ./icon_shoe2x.png
2023-06-05 05:12:59 +0000  copying file ./icon_stopWatch3x.png ... 
2023-06-05 05:12:59 +0000  6582 bytes for ./icon_stopWatch3x.png
2023-06-05 05:12:59 +0000  copying file ./AppIcon40x40@3x.png ... 
2023-06-05 05:12:59 +0000  7997 bytes for ./AppIcon40x40@3x.png
2023-06-05 05:12:59 +0000  copying file ./icon_stopWatch.png ... 
2023-06-05 05:12:59 +0000  2706 bytes for ./icon_stopWatch.png
2023-06-05 05:12:59 +0000  copying file ./challenges.png ... 
2023-06-05 05:12:59 +0000  22682 bytes for ./challenges.png
2023-06-05 05:12:59 +0000  copying file ./AppIcon29x29~ipad.png ... 
2023-06-05 05:12:59 +0000  2301 bytes for ./AppIcon29x29~ipad.png
2023-06-05 05:12:59 +0000  copying file ./icon_stopWatch2x.png ... 
2023-06-05 05:12:59 +0000  4674 bytes for ./icon_stopWatch2x.png
2023-06-05 05:12:59 +0000  copying file ./AppIcon40x40@2x.png ... 
2023-06-05 05:12:59 +0000  4803 bytes for ./AppIcon40x40@2x.png
2023-06-05 05:12:59 +0000  copying file ./video1.mp4 ... 
2023-06-05 05:12:59 +0000  14596386 bytes for ./video1.mp4
2023-06-05 05:12:59 +0000  copying file ./AppIcon29x29@3x.png ... 
5290 bytes for ./AppIcon29x29@3x.png
copying file ./video3.mp4 ... 
2023-06-05 05:12:59 +0000  4573867 bytes for ./video3.mp4
2023-06-05 05:12:59 +0000  copying file ./house.png ... 
1959 bytes for ./house.png
copying file ./AppIcon60x60@3x.png ... 
2023-06-05 05:12:59 +0000  13863 bytes for ./AppIcon60x60@3x.png
2023-06-05 05:12:59 +0000  copying file ./Base.lproj/LaunchScreen.storyboardc/UIViewController-01J-lp-oVM.nib ... 
2023-06-05 05:12:59 +0000  896 bytes for ./Base.lproj/LaunchScreen.storyboardc/UIViewController-01J-lp-oVM.nib
2023-06-05 05:12:59 +0000  copying file ./Base.lproj/LaunchScreen.storyboardc/01J-lp-oVM-view-d8t-zf-voc.nib ... 
2023-06-05 05:12:59 +0000  2541 bytes for ./Base.lproj/LaunchScreen.storyboardc/01J-lp-oVM-view-d8t-zf-voc.nib
2023-06-05 05:12:59 +0000  copying file ./Base.lproj/LaunchScreen.storyboardc/Info.plist ... 
2023-06-05 05:12:59 +0000  258 bytes for ./Base.lproj/LaunchScreen.storyboardc/Info.plist
2023-06-05 05:12:59 +0000  copying file ./video2.mp4 ... 
2023-06-05 05:12:59 +0000  3372329 bytes for ./video2.mp4
2023-06-05 05:12:59 +0000  copying file ./archived-expanded-entitlements.xcent ... 
2023-06-05 05:12:59 +0000  400 bytes for ./archived-expanded-entitlements.xcent
copying file ./challenges.debug ... 
2023-06-05 05:12:59 +0000  9352496 bytes for ./challenges.debug
2023-06-05 05:12:59 +0000  copying file ./paperPlane.png ... 
1962 bytes for ./paperPlane.png
copying file ./icon_avatar2x.png ... 
8419 bytes for ./icon_avatar2x.png
copying file ./icon_stairsDesc.png ... 
1685 bytes for ./icon_stairsDesc.png
copying file ./Assets.car ... 
2023-06-05 05:12:59 +0000  293608 bytes for ./Assets.car
2023-06-05 05:12:59 +0000  copying file ./AppIcon76x76@2x~ipad.png ... 
2023-06-05 05:12:59 +0000  11465 bytes for ./AppIcon76x76@2x~ipad.png
copying file ./icon_location.png ... 
2023-06-05 05:12:59 +0000  2082 bytes for ./icon_location.png
2023-06-05 05:12:59 +0000  copying file ./icon_location_small2x.png ... 
2023-06-05 05:12:59 +0000  1917 bytes for ./icon_location_small2x.png
2023-06-05 05:12:59 +0000  copying file ./icon_calories.png ... 
2023-06-05 05:12:59 +0000  1518 bytes for ./icon_calories.png
2023-06-05 05:12:59 +0000  copying file ./icon_stairsAscen.png ... 
2023-06-05 05:12:59 +0000  1684 bytes for ./icon_stairsAscen.png
2023-06-05 05:12:59 +0000  copying file ./AppIcon83.5x83.5@2x~ipad.png ... 
2023-06-05 05:12:59 +0000  13340 bytes for ./AppIcon83.5x83.5@2x~ipad.png
2023-06-05 05:12:59 +0000  copying file ./icon_location3x1.png ... 
2023-06-05 05:12:59 +0000  4337 bytes for ./icon_location3x1.png
2023-06-05 05:12:59 +0000  copying file ./metrics.png ... 
2023-06-05 05:12:59 +0000  1945 bytes for ./metrics.png
copying file ./daybreak.png ... 
2023-06-05 05:12:59 +0000  657410 bytes for ./daybreak.png
copying file ./male_default.png ... 
2023-06-05 05:12:59 +0000  26975 bytes for ./male_default.png
2023-06-05 05:12:59 +0000  copying file ./AppIcon40x40~ipad.png ... 
2023-06-05 05:12:59 +0000  2807 bytes for ./AppIcon40x40~ipad.png
2023-06-05 05:12:59 +0000  copying file ./Frameworks/CryptoiOSDevice.framework/_CodeSignature/CodeResources ... 
2023-06-05 05:12:59 +0000  1798 bytes for ./Frameworks/CryptoiOSDevice.framework/_CodeSignature/CodeResources
2023-06-05 05:12:59 +0000  copying file ./Frameworks/CryptoiOSDevice.framework/CryptoiOSDevice ... 
2023-06-05 05:12:59 +0000  695184 bytes for ./Frameworks/CryptoiOSDevice.framework/CryptoiOSDevice
2023-06-05 05:12:59 +0000  copying file ./Frameworks/CryptoiOSDevice.framework/Info.plist ... 
2023-06-05 05:12:59 +0000  1349 bytes for ./Frameworks/CryptoiOSDevice.framework/Info.plist
2023-06-05 05:12:59 +0000  copying file ./Frameworks/InternetEncodingsiOSDevice.framework/_CodeSignature/CodeResources ... 
2023-06-05 05:12:59 +0000  1798 bytes for ./Frameworks/InternetEncodingsiOSDevice.framework/_CodeSignature/CodeResources
2023-06-05 05:12:59 +0000  copying file ./Frameworks/InternetEncodingsiOSDevice.framework/InternetEncodingsiOSDevice ... 
2023-06-05 05:12:59 +0000  68896 bytes for ./Frameworks/InternetEncodingsiOSDevice.framework/InternetEncodingsiOSDevice
2023-06-05 05:12:59 +0000  copying file ./Frameworks/InternetEncodingsiOSDevice.framework/Info.plist ... 
2023-06-05 05:12:59 +0000  1382 bytes for ./Frameworks/InternetEncodingsiOSDevice.framework/Info.plist
2023-06-05 05:12:59 +0000  copying file ./Frameworks/SQLiteDatabaseiOS_Device.framework/_CodeSignature/CodeResources ... 
2023-06-05 05:12:59 +0000  1798 bytes for ./Frameworks/SQLiteDatabaseiOS_Device.framework/_CodeSignature/CodeResources
2023-06-05 05:12:59 +0000  copying file ./Frameworks/SQLiteDatabaseiOS_Device.framework/SQLiteDatabaseiOS_Device ... 
2023-06-05 05:12:59 +0000  1060080 bytes for ./Frameworks/SQLiteDatabaseiOS_Device.framework/SQLiteDatabaseiOS_Device
copying file ./Frameworks/SQLiteDatabaseiOS_Device.framework/Info.plist ... 
2023-06-05 05:12:59 +0000  1375 bytes for ./Frameworks/SQLiteDatabaseiOS_Device.framework/Info.plist
2023-06-05 05:12:59 +0000  copying file ./embedded.mobileprovision ... 
2023-06-05 05:12:59 +0000  31503 bytes for ./embedded.mobileprovision
2023-06-05 05:12:59 +0000  copying file ./icon_caloriesBig2x.png ... 
2023-06-05 05:12:59 +0000  3267 bytes for ./icon_caloriesBig2x.png
2023-06-05 05:12:59 +0000  copying file ./Info.plist ... 
2023-06-05 05:12:59 +0000  3468 bytes for ./Info.plist
2023-06-05 05:12:59 +0000  copying file ./Teams.png ... 
2023-06-05 05:12:59 +0000  1056050 bytes for ./Teams.png
copying file ./PkgInfo ... 
2023-06-05 05:12:59 +0000  8 bytes for ./PkgInfo
copying file ./AppIcon76x76~ipad.png ... 
2023-06-05 05:12:59 +0000  4634 bytes for ./AppIcon76x76~ipad.png
2023-06-05 05:12:59 +0000 [MT] /usr/bin/ditto exited with 0
2023-06-05 05:12:59 +0000 [MT] Processing step: IDEDistributionEmbedProfileStep
2023-06-05 05:12:59 +0000 [MT] Skipping profile for item: <IDEDistributionItem: 0x138812410; bundleID='com.xojo.cryptoiosdevice.dylib', path='<DVTFilePath:0x13a178440:'/var/folders/xk/7582fw395t141_v_3805xh5c0000gn/T/challenges.debug.xcarchive/Products/Applications/challenges.debug.app/Frameworks/CryptoiOSDevice.framework'>', codeSigningInfo='<_DVTCodeSigningInformation_Path: 0x13a3040e0; isSigned='1', isAdHocSigned='0', signingCertificate='<DVTSigningCertificate: 0x13ea0d680; name='Apple Development: Peter Williams (K56C3A8A9Y)', hash='21063ADCE9DF8A6743D6C3240A31589DC94323E2', serialNumber='28C291DFC73A074C6676ED516C068ED6', certificateKinds='(
    "1.2.840.113635.100.6.1.12",
    "1.2.840.113635.100.6.1.2"
), issueDate='2023-06-01 06:55:46 +0000''>', entitlements='(null)', teamID='NGAXM5F6FL', identifier='com.xojo.cryptoiosdevice.dylib', executablePath='<DVTFilePath:0x13a2aa790:'/var/folders/xk/7582fw395t141_v_3805xh5c0000gn/T/challenges.debug.xcarchive/Products/Applications/challenges.debug.app/Frameworks/CryptoiOSDevice.framework/CryptoiOSDevice'>', hardenedRuntime='0'>'>
2023-06-05 05:12:59 +0000 [MT] Skipping profile for item: <IDEDistributionItem: 0x13f7109e0; bundleID='com.xojo.internetencodingsiosdevice.dylib', path='<DVTFilePath:0x138facac0:'/var/folders/xk/7582fw395t141_v_3805xh5c0000gn/T/challenges.debug.xcarchive/Products/Applications/challenges.debug.app/Frameworks/InternetEncodingsiOSDevice.framework'>', codeSigningInfo='<_DVTCodeSigningInformation_Path: 0x13a2ba810; isSigned='1', isAdHocSigned='0', signingCertificate='<DVTSigningCertificate: 0x138f94170; name='Apple Development: Peter Williams (K56C3A8A9Y)', hash='21063ADCE9DF8A6743D6C3240A31589DC94323E2', serialNumber='28C291DFC73A074C6676ED516C068ED6', certificateKinds='(
    "1.2.840.113635.100.6.1.12",
    "1.2.840.113635.100.6.1.2"
), issueDate='2023-06-01 06:55:46 +0000''>', entitlements='(null)', teamID='NGAXM5F6FL', identifier='com.xojo.internetencodingsiosdevice.dylib', executablePath='<DVTFilePath:0x13a2bb170:'/var/folders/xk/7582fw395t141_v_3805xh5c0000gn/T/challenges.debug.xcarchive/Products/Applications/challenges.debug.app/Frameworks/InternetEncodingsiOSDevice.framework/InternetEncodingsiOSDevice'>', hardenedRuntime='0'>'>
2023-06-05 05:12:59 +0000 [MT] Skipping profile for item: <IDEDistributionItem: 0x1389921d0; bundleID='com.xojo.sqlitedatabaseiosdevice.dylib', path='<DVTFilePath:0x138fb1880:'/var/folders/xk/7582fw395t141_v_3805xh5c0000gn/T/challenges.debug.xcarchive/Products/Applications/challenges.debug.app/Frameworks/SQLiteDatabaseiOS_Device.framework'>', codeSigningInfo='<_DVTCodeSigningInformation_Path: 0x13f7107e0; isSigned='1', isAdHocSigned='0', signingCertificate='<DVTSigningCertificate: 0x13ea18e40; name='Apple Development: Peter Williams (K56C3A8A9Y)', hash='21063ADCE9DF8A6743D6C3240A31589DC94323E2', serialNumber='28C291DFC73A074C6676ED516C068ED6', certificateKinds='(
    "1.2.840.113635.100.6.1.12",
    "1.2.840.113635.100.6.1.2"
), issueDate='2023-06-01 06:55:46 +0000''>', entitlements='(null)', teamID='NGAXM5F6FL', identifier='com.xojo.sqlitedatabaseiosdevice.dylib', executablePath='<DVTFilePath:0x13a2b1ef0:'/var/folders/xk/7582fw395t141_v_3805xh5c0000gn/T/challenges.debug.xcarchive/Products/Applications/challenges.debug.app/Frameworks/SQLiteDatabaseiOS_Device.framework/SQLiteDatabaseiOS_Device'>', hardenedRuntime='0'>'>
2023-06-05 05:12:59 +0000 [MT] Processing step: IDEDistributionInfoPlistStep
2023-06-05 05:12:59 +0000 [MT] Skipping setting DTXcodeBuildDistribution because toolsBuildVersionName was nil.
2023-06-05 05:12:59 +0000 [MT] Skipping setting DTXcodeBuildDistribution because toolsBuildVersionName was nil.
2023-06-05 05:12:59 +0000 [MT] Skipping setting DTXcodeBuildDistribution because toolsBuildVersionName was nil.
2023-06-05 05:12:59 +0000 [MT] Skipping setting DTXcodeBuildDistribution because toolsBuildVersionName was nil.
2023-06-05 05:12:59 +0000 [MT] Processing step: IDEDistributionItemRemovalStep
2023-06-05 05:12:59 +0000 [MT] Processing step: IDEDistributionAppThinningPlistStep
2023-06-05 05:12:59 +0000 [MT] Skipping step: IDEDistributionAppThinningPlistStep because it said so
2023-06-05 05:12:59 +0000 [MT] Processing step: IDEDistributionCompileBitcodeStep
2023-06-05 05:12:59 +0000 [MT] Skipping step: IDEDistributionCompileBitcodeStep because it said so
2023-06-05 05:12:59 +0000 [MT] Processing step: IDEDistributionCodeSlimmingStep
2023-06-05 05:12:59 +0000 [MT] Processing step: IDEDistributionCopyBCSymbolMapsStep
2023-06-05 05:12:59 +0000 [MT] Processing step: IDEDistributionSymbolsStep
2023-06-05 05:12:59 +0000 [MT] Processing symbols for CryptoiOSDevice.framework
2023-06-05 05:12:59 +0000 [MT] Running /usr/bin/rsync '-8aPhhE' '/var/folders/xk/7582fw395t141_v_3805xh5c0000gn/T/XcodeDistPipeline.~~~Ifd65I/Root/Payload/challenges.debug.app/Frameworks/CryptoiOSDevice.framework' '--link-dest' '/var/folders/xk/7582fw395t141_v_3805xh5c0000gn/T/XcodeDistPipeline.~~~Ifd65I/Root/Payload/challenges.debug.app/Frameworks' '/var/folders/xk/7582fw395t141_v_3805xh5c0000gn/T/XcodeDistPipeline.~~~Ifd65I'
2023-06-05 05:12:59 +0000  building file list ... 
2023-06-05 05:12:59 +0000   0 files...2023-06-05 05:12:59 +0000  5 files to consider
2023-06-05 05:12:59 +0000  CryptoiOSDevice.framework/
2023-06-05 05:12:59 +0000  CryptoiOSDevice.framework/_CodeSignature/
rsync: link "/var/folders/xk/7582fw395t141_v_3805xh5c0000gn/T/XcodeDistPipeline.~~~Ifd65I/CryptoiOSDevice.framework/_CodeSignature/CodeResources" => /var/folders/xk/7582fw395t141_v_3805xh5c0000gn/T/XcodeDistPipeline.~~~Ifd65I/Root/Payload/challenges.debug.app/Frameworks/CryptoiOSDevice.framework/_CodeSignature/CodeResources failed: Operation not permitted (1)
2023-06-05 05:12:59 +0000  CryptoiOSDevice.framework/_CodeSignature/CodeResources
2023-06-05 05:12:59 +0000  
sent 231 bytes  received 38 bytes  538.00 bytes/sec
2023-06-05 05:12:59 +0000  total size is 681.96K  speedup is 2596.03
2023-06-05 05:12:59 +0000 [MT] /usr/bin/rsync exited with 0
2023-06-05 05:12:59 +0000 [MT] Running /usr/bin/rsync '-8aPhhE' '/var/folders/xk/7582fw395t141_v_3805xh5c0000gn/T/challenges.debug.xcarchive/dSYMs/' '--link-dest' '/var/folders/xk/7582fw395t141_v_3805xh5c0000gn/T/challenges.debug.xcarchive/dSYMs/' '/var/folders/xk/7582fw395t141_v_3805xh5c0000gn/T/XcodeDistPipeline.~~~Ifd65I'
2023-06-05 05:12:59 +0000  building file list ... 
2023-06-05 05:12:59 +0000   0 files...2023-06-05 05:12:59 +0000  7 files to consider
2023-06-05 05:12:59 +0000  ./
2023-06-05 05:12:59 +0000  challenges.debug.app.dSYM/
challenges.debug.app.dSYM/Contents/
2023-06-05 05:12:59 +0000  challenges.debug.app.dSYM/Contents/Resources/
challenges.debug.app.dSYM/Contents/Resources/DWARF/
2023-06-05 05:12:59 +0000  
2023-06-05 05:12:59 +0000  sent 252 bytes  received 50 bytes  604.00 bytes/sec
total size is 5.65M  speedup is 19619.19
2023-06-05 05:12:59 +0000 [MT] /usr/bin/rsync exited with 0
2023-06-05 05:12:59 +0000 [MT] Writing /var/folders/xk/7582fw395t141_v_3805xh5c0000gn/T/XcodeDistPipeline.~~~Ifd65I/Symbols/75A80F64-1428-3DEA-BC7D-0DF9A8F643D6.symbols
2023-06-05 05:12:59 +0000 [MT] Processing symbols for InternetEncodingsiOSDevice.framework
2023-06-05 05:12:59 +0000 [MT] Running /usr/bin/rsync '-8aPhhE' '/var/folders/xk/7582fw395t141_v_3805xh5c0000gn/T/XcodeDistPipeline.~~~Ifd65I/Root/Payload/challenges.debug.app/Frameworks/InternetEncodingsiOSDevice.framework' '--link-dest' '/var/folders/xk/7582fw395t141_v_3805xh5c0000gn/T/XcodeDistPipeline.~~~Ifd65I/Root/Payload/challenges.debug.app/Frameworks' '/var/folders/xk/7582fw395t141_v_3805xh5c0000gn/T/XcodeDistPipeline.~~~Ifd65I'
2023-06-05 05:12:59 +0000  building file list ... 
2023-06-05 05:12:59 +0000   0 files...2023-06-05 05:12:59 +0000  5 files to consider
2023-06-05 05:12:59 +0000  InternetEncodingsiOSDevice.framework/
2023-06-05 05:12:59 +0000  InternetEncodingsiOSDevice.framework/_CodeSignature/
rsync: link "/var/folders/xk/7582fw395t141_v_3805xh5c0000gn/T/XcodeDistPipeline.~~~Ifd65I/InternetEncodingsiOSDevice.framework/_CodeSignature/CodeResources" => /var/folders/xk/7582fw395t141_v_3805xh5c0000gn/T/XcodeDistPipeline.~~~Ifd65I/Root/Payload/challenges.debug.app/Frameworks/InternetEncodingsiOSDevice.framework/_CodeSignature/CodeResources failed: Operation not permitted (1)
2023-06-05 05:12:59 +0000  InternetEncodingsiOSDevice.framework/_CodeSignature/CodeResources
2023-06-05 05:12:59 +0000  
sent 251 bytes  received 38 bytes  578.00 bytes/sec
2023-06-05 05:12:59 +0000  total size is 70.39K  speedup is 249.40
2023-06-05 05:12:59 +0000 [MT] /usr/bin/rsync exited with 0
2023-06-05 05:12:59 +0000 [MT] Running /usr/bin/rsync '-8aPhhE' '/var/folders/xk/7582fw395t141_v_3805xh5c0000gn/T/challenges.debug.xcarchive/dSYMs/' '--link-dest' '/var/folders/xk/7582fw395t141_v_3805xh5c0000gn/T/challenges.debug.xcarchive/dSYMs/' '/var/folders/xk/7582fw395t141_v_3805xh5c0000gn/T/XcodeDistPipeline.~~~Ifd65I'
2023-06-05 05:12:59 +0000  building file list ... 
2023-06-05 05:12:59 +0000   0 files...2023-06-05 05:12:59 +0000  7 files to consider
2023-06-05 05:12:59 +0000  ./
2023-06-05 05:12:59 +0000  challenges.debug.app.dSYM/
2023-06-05 05:12:59 +0000  challenges.debug.app.dSYM/Contents/
challenges.debug.app.dSYM/Contents/Resources/
challenges.debug.app.dSYM/Contents/Resources/DWARF/
2023-06-05 05:12:59 +0000  
2023-06-05 05:12:59 +0000  sent 264 bytes  received 62 bytes  652.00 bytes/sec
total size is 5.65M  speedup is 18174.83
2023-06-05 05:12:59 +0000 [MT] /usr/bin/rsync exited with 0
2023-06-05 05:12:59 +0000 [MT] Writing /var/folders/xk/7582fw395t141_v_3805xh5c0000gn/T/XcodeDistPipeline.~~~Ifd65I/Symbols/998DE46B-6A2F-3C17-8039-CD3E046455D2.symbols
2023-06-05 05:12:59 +0000 [MT] Processing symbols for SQLiteDatabaseiOS_Device.framework
2023-06-05 05:12:59 +0000 [MT] Running /usr/bin/rsync '-8aPhhE' '/var/folders/xk/7582fw395t141_v_3805xh5c0000gn/T/XcodeDistPipeline.~~~Ifd65I/Root/Payload/challenges.debug.app/Frameworks/SQLiteDatabaseiOS_Device.framework' '--link-dest' '/var/folders/xk/7582fw395t141_v_3805xh5c0000gn/T/XcodeDistPipeline.~~~Ifd65I/Root/Payload/challenges.debug.app/Frameworks' '/var/folders/xk/7582fw395t141_v_3805xh5c0000gn/T/XcodeDistPipeline.~~~Ifd65I'
2023-06-05 05:12:59 +0000  building file list ... 
2023-06-05 05:12:59 +0000   0 files...2023-06-05 05:12:59 +0000  5 files to consider
2023-06-05 05:12:59 +0000  SQLiteDatabaseiOS_Device.framework/
2023-06-05 05:12:59 +0000  SQLiteDatabaseiOS_Device.framework/_CodeSignature/
2023-06-05 05:12:59 +0000  rsync: link "/var/folders/xk/7582fw395t141_v_3805xh5c0000gn/T/XcodeDistPipeline.~~~Ifd65I/SQLiteDatabaseiOS_Device.framework/_CodeSignature/CodeResources" => /var/folders/xk/7582fw395t141_v_3805xh5c0000gn/T/XcodeDistPipeline.~~~Ifd65I/Root/Payload/challenges.debug.app/Frameworks/SQLiteDatabaseiOS_Device.framework/_CodeSignature/CodeResources failed: Operation not permitted (1)
2023-06-05 05:12:59 +0000  SQLiteDatabaseiOS_Device.framework/_CodeSignature/CodeResources
2023-06-05 05:12:59 +0000  
2023-06-05 05:12:59 +0000  sent 249 bytes  received 38 bytes  574.00 bytes/sec
total size is 1.01M  speedup is 3704.71
2023-06-05 05:12:59 +0000 [MT] /usr/bin/rsync exited with 0
2023-06-05 05:12:59 +0000 [MT] Running /usr/bin/rsync '-8aPhhE' '/var/folders/xk/7582fw395t141_v_3805xh5c0000gn/T/challenges.debug.xcarchive/dSYMs/' '--link-dest' '/var/folders/xk/7582fw395t141_v_3805xh5c0000gn/T/challenges.debug.xcarchive/dSYMs/' '/var/folders/xk/7582fw395t141_v_3805xh5c0000gn/T/XcodeDistPipeline.~~~Ifd65I'
2023-06-05 05:12:59 +0000  building file list ... 
2023-06-05 05:12:59 +0000   0 files...2023-06-05 05:12:59 +0000  7 files to consider
2023-06-05 05:12:59 +0000  ./
2023-06-05 05:12:59 +0000  challenges.debug.app.dSYM/
2023-06-05 05:12:59 +0000  challenges.debug.app.dSYM/Contents/
challenges.debug.app.dSYM/Contents/Resources/
challenges.debug.app.dSYM/Contents/Resources/DWARF/
2023-06-05 05:12:59 +0000  
2023-06-05 05:12:59 +0000  sent 264 bytes  received 62 bytes  652.00 bytes/sec
total size is 5.65M  speedup is 18174.83
2023-06-05 05:12:59 +0000 [MT] /usr/bin/rsync exited with 0
2023-06-05 05:12:59 +0000 [MT] Writing /var/folders/xk/7582fw395t141_v_3805xh5c0000gn/T/XcodeDistPipeline.~~~Ifd65I/Symbols/BED42B04-5D02-307D-BA61-5958FEBFF5B1.symbols
2023-06-05 05:12:59 +0000 [MT] Processing symbols for challenges.debug.app
2023-06-05 05:12:59 +0000 [MT] Running /usr/bin/rsync '-8aPhhE' '/var/folders/xk/7582fw395t141_v_3805xh5c0000gn/T/XcodeDistPipeline.~~~Ifd65I/Root/Payload/challenges.debug.app' '--link-dest' '/var/folders/xk/7582fw395t141_v_3805xh5c0000gn/T/XcodeDistPipeline.~~~Ifd65I/Root/Payload' '/var/folders/xk/7582fw395t141_v_3805xh5c0000gn/T/XcodeDistPipeline.~~~Ifd65I'
2023-06-05 05:12:59 +0000  building file list ... 
2023-06-05 05:12:59 +0000   0 files...2023-06-05 05:12:59 +0000  75 files to consider
2023-06-05 05:12:59 +0000  challenges.debug.app/
2023-06-05 05:12:59 +0000  challenges.debug.app/Base.lproj/
challenges.debug.app/Base.lproj/LaunchScreen.storyboardc/
challenges.debug.app/Frameworks/
2023-06-05 05:12:59 +0000  challenges.debug.app/Frameworks/CryptoiOSDevice.framework/
challenges.debug.app/Frameworks/CryptoiOSDevice.framework/_CodeSignature/
challenges.debug.app/Frameworks/InternetEncodingsiOSDevice.framework/
challenges.debug.app/Frameworks/InternetEncodingsiOSDevice.framework/_CodeSignature/
challenges.debug.app/Frameworks/SQLiteDatabaseiOS_Device.framework/
challenges.debug.app/Frameworks/SQLiteDatabaseiOS_Device.framework/_CodeSignature/
challenges.debug.app/_CodeSignature/
2023-06-05 05:12:59 +0000  
2023-06-05 05:12:59 +0000  sent 2.35K bytes  received 86 bytes  4.86K bytes/sec
total size is 34.44M  speedup is 14514.04
2023-06-05 05:12:59 +0000 [MT] /usr/bin/rsync exited with 0
2023-06-05 05:12:59 +0000 [MT] Running /usr/bin/rsync '-8aPhhE' '/var/folders/xk/7582fw395t141_v_3805xh5c0000gn/T/challenges.debug.xcarchive/dSYMs/' '--link-dest' '/var/folders/xk/7582fw395t141_v_3805xh5c0000gn/T/challenges.debug.xcarchive/dSYMs/' '/var/folders/xk/7582fw395t141_v_3805xh5c0000gn/T/XcodeDistPipeline.~~~Ifd65I'
2023-06-05 05:12:59 +0000  building file list ... 
2023-06-05 05:12:59 +0000   0 files...2023-06-05 05:12:59 +0000  7 files to consider
2023-06-05 05:12:59 +0000  ./
2023-06-05 05:12:59 +0000  challenges.debug.app.dSYM/
challenges.debug.app.dSYM/Contents/
2023-06-05 05:12:59 +0000  challenges.debug.app.dSYM/Contents/Resources/
challenges.debug.app.dSYM/Contents/Resources/DWARF/
2023-06-05 05:12:59 +0000  
2023-06-05 05:12:59 +0000  sent 264 bytes  received 62 bytes  652.00 bytes/sec
total size is 5.65M  speedup is 18174.83
2023-06-05 05:12:59 +0000 [MT] /usr/bin/rsync exited with 0
2023-06-05 05:12:59 +0000 [MT] Writing /var/folders/xk/7582fw395t141_v_3805xh5c0000gn/T/XcodeDistPipeline.~~~Ifd65I/Symbols/1C31DBF1-F737-3461-970E-593739AF2BD5.symbols
2023-06-05 05:12:59 +0000 [MT] Processing step: IDEDistributionCopyAppleProvidedContentStep
2023-06-05 05:12:59 +0000 [MT] Processing step: IDEDistributionAppThinningStep
2023-06-05 05:12:59 +0000 [MT] Skipping step: IDEDistributionAppThinningStep because it said so
2023-06-05 05:12:59 +0000 [MT] Processing step: IDEDistributionArchThinningStep
2023-06-05 05:12:59 +0000 [MT] Running /Applications/Xcode.app/Contents/Developer/Toolchains/XcodeDefault.xctoolchain/usr/bin/lipo '/var/folders/xk/7582fw395t141_v_3805xh5c0000gn/T/XcodeDistPipeline.~~~Ifd65I/Root/Payload/challenges.debug.app/Frameworks/CryptoiOSDevice.framework/CryptoiOSDevice' '-verify_arch' 'arm64e'
2023-06-05 05:12:59 +0000 [MT] /Applications/Xcode.app/Contents/Developer/Toolchains/XcodeDefault.xctoolchain/usr/bin/lipo exited with 1
2023-06-05 05:12:59 +0000 [MT] Skipping architecture thinning for item "CryptoiOSDevice" because arch "arm64e" wasn't found
2023-06-05 05:12:59 +0000 [MT] Running /Applications/Xcode.app/Contents/Developer/Toolchains/XcodeDefault.xctoolchain/usr/bin/lipo '/var/folders/xk/7582fw395t141_v_3805xh5c0000gn/T/XcodeDistPipeline.~~~Ifd65I/Root/Payload/challenges.debug.app/Frameworks/InternetEncodingsiOSDevice.framework/InternetEncodingsiOSDevice' '-verify_arch' 'arm64e'
2023-06-05 05:12:59 +0000 [MT] /Applications/Xcode.app/Contents/Developer/Toolchains/XcodeDefault.xctoolchain/usr/bin/lipo exited with 1
2023-06-05 05:12:59 +0000 [MT] Skipping architecture thinning for item "InternetEncodingsiOSDevice" because arch "arm64e" wasn't found
2023-06-05 05:12:59 +0000 [MT] Running /Applications/Xcode.app/Contents/Developer/Toolchains/XcodeDefault.xctoolchain/usr/bin/lipo '/var/folders/xk/7582fw395t141_v_3805xh5c0000gn/T/XcodeDistPipeline.~~~Ifd65I/Root/Payload/challenges.debug.app/Frameworks/SQLiteDatabaseiOS_Device.framework/SQLiteDatabaseiOS_Device' '-verify_arch' 'arm64e'
2023-06-05 05:12:59 +0000 [MT] /Applications/Xcode.app/Contents/Developer/Toolchains/XcodeDefault.xctoolchain/usr/bin/lipo exited with 1
2023-06-05 05:12:59 +0000 [MT] Skipping architecture thinning for item "SQLiteDatabaseiOS_Device" because arch "arm64e" wasn't found
2023-06-05 05:12:59 +0000 [MT] Running /Applications/Xcode.app/Contents/Developer/Toolchains/XcodeDefault.xctoolchain/usr/bin/lipo '/var/folders/xk/7582fw395t141_v_3805xh5c0000gn/T/XcodeDistPipeline.~~~Ifd65I/Root/Payload/challenges.debug.app/challenges.debug' '-verify_arch' 'arm64e'
2023-06-05 05:12:59 +0000 [MT] /Applications/Xcode.app/Contents/Developer/Toolchains/XcodeDefault.xctoolchain/usr/bin/lipo exited with 1
2023-06-05 05:12:59 +0000 [MT] Skipping architecture thinning for item "challenges.debug" because arch "arm64e" wasn't found
2023-06-05 05:12:59 +0000 [MT] Processing step: IDEDistributionODRStep
2023-06-05 05:12:59 +0000 [MT] Processing step: IDEDistributionStripXattrsStep
2023-06-05 05:12:59 +0000 [MT] Skipping stripping extended attributes of item: <IDEDistributionItem: 0x138812410; bundleID='com.xojo.cryptoiosdevice.dylib', path='<DVTFilePath:0x13a178440:'/var/folders/xk/7582fw395t141_v_3805xh5c0000gn/T/challenges.debug.xcarchive/Products/Applications/challenges.debug.app/Frameworks/CryptoiOSDevice.framework'>', codeSigningInfo='<_DVTCodeSigningInformation_Path: 0x13a3040e0; isSigned='1', isAdHocSigned='0', signingCertificate='<DVTSigningCertificate: 0x138d5f760; name='Apple Development: Peter Williams (K56C3A8A9Y)', hash='21063ADCE9DF8A6743D6C3240A31589DC94323E2', serialNumber='28C291DFC73A074C6676ED516C068ED6', certificateKinds='(
    "1.2.840.113635.100.6.1.12",
    "1.2.840.113635.100.6.1.2"
), issueDate='2023-06-01 06:55:46 +0000''>', entitlements='(null)', teamID='NGAXM5F6FL', identifier='com.xojo.cryptoiosdevice.dylib', executablePath='<DVTFilePath:0x13a2aa790:'/var/folders/xk/7582fw395t141_v_3805xh5c0000gn/T/challenges.debug.xcarchive/Products/Applications/challenges.debug.app/Frameworks/CryptoiOSDevice.framework/CryptoiOSDevice'>', hardenedRuntime='0'>'>
2023-06-05 05:12:59 +0000 [MT] Skipping stripping extended attributes of item: <IDEDistributionItem: 0x13f7109e0; bundleID='com.xojo.internetencodingsiosdevice.dylib', path='<DVTFilePath:0x138facac0:'/var/folders/xk/7582fw395t141_v_3805xh5c0000gn/T/challenges.debug.xcarchive/Products/Applications/challenges.debug.app/Frameworks/InternetEncodingsiOSDevice.framework'>', codeSigningInfo='<_DVTCodeSigningInformation_Path: 0x13a2ba810; isSigned='1', isAdHocSigned='0', signingCertificate='<DVTSigningCertificate: 0x13899cdb0; name='Apple Development: Peter Williams (K56C3A8A9Y)', hash='21063ADCE9DF8A6743D6C3240A31589DC94323E2', serialNumber='28C291DFC73A074C6676ED516C068ED6', certificateKinds='(
    "1.2.840.113635.100.6.1.12",
    "1.2.840.113635.100.6.1.2"
), issueDate='2023-06-01 06:55:46 +0000''>', entitlements='(null)', teamID='NGAXM5F6FL', identifier='com.xojo.internetencodingsiosdevice.dylib', executablePath='<DVTFilePath:0x13a2bb170:'/var/folders/xk/7582fw395t141_v_3805xh5c0000gn/T/challenges.debug.xcarchive/Products/Applications/challenges.debug.app/Frameworks/InternetEncodingsiOSDevice.framework/InternetEncodingsiOSDevice'>', hardenedRuntime='0'>'>
2023-06-05 05:12:59 +0000 [MT] Skipping stripping extended attributes of item: <IDEDistributionItem: 0x1389921d0; bundleID='com.xojo.sqlitedatabaseiosdevice.dylib', path='<DVTFilePath:0x138fb1880:'/var/folders/xk/7582fw395t141_v_3805xh5c0000gn/T/challenges.debug.xcarchive/Products/Applications/challenges.debug.app/Frameworks/SQLiteDatabaseiOS_Device.framework'>', codeSigningInfo='<_DVTCodeSigningInformation_Path: 0x13f7107e0; isSigned='1', isAdHocSigned='0', signingCertificate='<DVTSigningCertificate: 0x138d5fe10; name='Apple Development: Peter Williams (K56C3A8A9Y)', hash='21063ADCE9DF8A6743D6C3240A31589DC94323E2', serialNumber='28C291DFC73A074C6676ED516C068ED6', certificateKinds='(
    "1.2.840.113635.100.6.1.12",
    "1.2.840.113635.100.6.1.2"
), issueDate='2023-06-01 06:55:46 +0000''>', entitlements='(null)', teamID='NGAXM5F6FL', identifier='com.xojo.sqlitedatabaseiosdevice.dylib', executablePath='<DVTFilePath:0x13a2b1ef0:'/var/folders/xk/7582fw395t141_v_3805xh5c0000gn/T/challenges.debug.xcarchive/Products/Applications/challenges.debug.app/Frameworks/SQLiteDatabaseiOS_Device.framework/SQLiteDatabaseiOS_Device'>', hardenedRuntime='0'>'>
2023-06-05 05:12:59 +0000 [MT] Running /usr/bin/xattr '-crs' '/var/folders/xk/7582fw395t141_v_3805xh5c0000gn/T/XcodeDistPipeline.~~~Ifd65I/Root/Payload/challenges.debug.app'
2023-06-05 05:12:59 +0000 [MT] /usr/bin/xattr exited with 0
2023-06-05 05:12:59 +0000 [MT] Processing step: IDEDistributionCodesignStep
2023-06-05 05:12:59 +0000 [MT] Entitlements for <IDEDistributionItem: 0x138812410; bundleID='com.xojo.cryptoiosdevice.dylib', path='<DVTFilePath:0x13a178440:'/var/folders/xk/7582fw395t141_v_3805xh5c0000gn/T/challenges.debug.xcarchive/Products/Applications/challenges.debug.app/Frameworks/CryptoiOSDevice.framework'>', codeSigningInfo='<_DVTCodeSigningInformation_Path: 0x13a3040e0; isSigned='1', isAdHocSigned='0', signingCertificate='<DVTSigningCertificate: 0x13a30a8b0; name='Apple Development: Peter Williams (K56C3A8A9Y)', hash='21063ADCE9DF8A6743D6C3240A31589DC94323E2', serialNumber='28C291DFC73A074C6676ED516C068ED6', certificateKinds='(
    "1.2.840.113635.100.6.1.12",
    "1.2.840.113635.100.6.1.2"
), issueDate='2023-06-01 06:55:46 +0000''>', entitlements='(null)', teamID='NGAXM5F6FL', identifier='com.xojo.cryptoiosdevice.dylib', executablePath='<DVTFilePath:0x13a2aa790:'/var/folders/xk/7582fw395t141_v_3805xh5c0000gn/T/challenges.debug.xcarchive/Products/Applications/challenges.debug.app/Frameworks/CryptoiOSDevice.framework/CryptoiOSDevice'>', hardenedRuntime='0'>'>: {
}
2023-06-05 05:12:59 +0000 [MT] Entitlements for <IDEDistributionItem: 0x138812410; bundleID='com.xojo.cryptoiosdevice.dylib', path='<DVTFilePath:0x13a178440:'/var/folders/xk/7582fw395t141_v_3805xh5c0000gn/T/challenges.debug.xcarchive/Products/Applications/challenges.debug.app/Frameworks/CryptoiOSDevice.framework'>', codeSigningInfo='<_DVTCodeSigningInformation_Path: 0x13a3040e0; isSigned='1', isAdHocSigned='0', signingCertificate='<DVTSigningCertificate: 0x13899e7f0; name='Apple Development: Peter Williams (K56C3A8A9Y)', hash='21063ADCE9DF8A6743D6C3240A31589DC94323E2', serialNumber='28C291DFC73A074C6676ED516C068ED6', certificateKinds='(
    "1.2.840.113635.100.6.1.12",
    "1.2.840.113635.100.6.1.2"
), issueDate='2023-06-01 06:55:46 +0000''>', entitlements='(null)', teamID='NGAXM5F6FL', identifier='com.xojo.cryptoiosdevice.dylib', executablePath='<DVTFilePath:0x13a2aa790:'/var/folders/xk/7582fw395t141_v_3805xh5c0000gn/T/challenges.debug.xcarchive/Products/Applications/challenges.debug.app/Frameworks/CryptoiOSDevice.framework/CryptoiOSDevice'>', hardenedRuntime='0'>'> are: {
}
2023-06-05 05:12:59 +0000 [MT] Writing entitlements for <IDEDistributionItem: 0x138812410; bundleID='com.xojo.cryptoiosdevice.dylib', path='<DVTFilePath:0x13a178440:'/var/folders/xk/7582fw395t141_v_3805xh5c0000gn/T/challenges.debug.xcarchive/Products/Applications/challenges.debug.app/Frameworks/CryptoiOSDevice.framework'>', codeSigningInfo='<_DVTCodeSigningInformation_Path: 0x13a3040e0; isSigned='1', isAdHocSigned='0', signingCertificate='<DVTSigningCertificate: 0x13884db90; name='Apple Development: Peter Williams (K56C3A8A9Y)', hash='21063ADCE9DF8A6743D6C3240A31589DC94323E2', serialNumber='28C291DFC73A074C6676ED516C068ED6', certificateKinds='(
    "1.2.840.113635.100.6.1.12",
    "1.2.840.113635.100.6.1.2"
), issueDate='2023-06-01 06:55:46 +0000''>', entitlements='(null)', teamID='NGAXM5F6FL', identifier='com.xojo.cryptoiosdevice.dylib', executablePath='<DVTFilePath:0x13a2aa790:'/var/folders/xk/7582fw395t141_v_3805xh5c0000gn/T/challenges.debug.xcarchive/Products/Applications/challenges.debug.app/Frameworks/CryptoiOSDevice.framework/CryptoiOSDevice'>', hardenedRuntime='0'>'> to: /var/folders/xk/7582fw395t141_v_3805xh5c0000gn/T/XcodeDistPipeline.~~~Ifd65I/entitlements~~~5rwNZv
2023-06-05 05:12:59 +0000 [MT] Running /usr/bin/codesign '-vvv' '--force' '--sign' 'B75C91375FD1F1E6BDBE1D445D00C4A9A4260995' '--entitlements' '/var/folders/xk/7582fw395t141_v_3805xh5c0000gn/T/XcodeDistPipeline.~~~Ifd65I/entitlements~~~5rwNZv' '--generate-entitlement-der' '--preserve-metadata=identifier,flags,runtime' '/var/folders/xk/7582fw395t141_v_3805xh5c0000gn/T/XcodeDistPipeline.~~~Ifd65I/Root/Payload/challenges.debug.app/Frameworks/CryptoiOSDevice.framework'
2023-06-05 05:12:59 +0000  /var/folders/xk/7582fw395t141_v_3805xh5c0000gn/T/XcodeDistPipeline.~~~Ifd65I/Root/Payload/challenges.debug.app/Frameworks/CryptoiOSDevice.framework: replacing existing signature
2023-06-05 05:12:59 +0000  /var/folders/xk/7582fw395t141_v_3805xh5c0000gn/T/XcodeDistPipeline.~~~Ifd65I/Root/Payload/challenges.debug.app/Frameworks/CryptoiOSDevice.framework: signed bundle with Mach-O thin (arm64) [com.xojo.cryptoiosdevice.dylib]
2023-06-05 05:12:59 +0000 [MT] /usr/bin/codesign exited with 0
2023-06-05 05:12:59 +0000 [MT] Entitlements for <IDEDistributionItem: 0x13f7109e0; bundleID='com.xojo.internetencodingsiosdevice.dylib', path='<DVTFilePath:0x138facac0:'/var/folders/xk/7582fw395t141_v_3805xh5c0000gn/T/challenges.debug.xcarchive/Products/Applications/challenges.debug.app/Frameworks/InternetEncodingsiOSDevice.framework'>', codeSigningInfo='<_DVTCodeSigningInformation_Path: 0x13a2ba810; isSigned='1', isAdHocSigned='0', signingCertificate='<DVTSigningCertificate: 0x13a30abc0; name='Apple Development: Peter Williams (K56C3A8A9Y)', hash='21063ADCE9DF8A6743D6C3240A31589DC94323E2', serialNumber='28C291DFC73A074C6676ED516C068ED6', certificateKinds='(
    "1.2.840.113635.100.6.1.12",
    "1.2.840.113635.100.6.1.2"
), issueDate='2023-06-01 06:55:46 +0000''>', entitlements='(null)', teamID='NGAXM5F6FL', identifier='com.xojo.internetencodingsiosdevice.dylib', executablePath='<DVTFilePath:0x13a2bb170:'/var/folders/xk/7582fw395t141_v_3805xh5c0000gn/T/challenges.debug.xcarchive/Products/Applications/challenges.debug.app/Frameworks/InternetEncodingsiOSDevice.framework/InternetEncodingsiOSDevice'>', hardenedRuntime='0'>'>: {
}
2023-06-05 05:12:59 +0000 [MT] Entitlements for <IDEDistributionItem: 0x13f7109e0; bundleID='com.xojo.internetencodingsiosdevice.dylib', path='<DVTFilePath:0x138facac0:'/var/folders/xk/7582fw395t141_v_3805xh5c0000gn/T/challenges.debug.xcarchive/Products/Applications/challenges.debug.app/Frameworks/InternetEncodingsiOSDevice.framework'>', codeSigningInfo='<_DVTCodeSigningInformation_Path: 0x13a2ba810; isSigned='1', isAdHocSigned='0', signingCertificate='<DVTSigningCertificate: 0x13a30b230; name='Apple Development: Peter Williams (K56C3A8A9Y)', hash='21063ADCE9DF8A6743D6C3240A31589DC94323E2', serialNumber='28C291DFC73A074C6676ED516C068ED6', certificateKinds='(
    "1.2.840.113635.100.6.1.12",
    "1.2.840.113635.100.6.1.2"
), issueDate='2023-06-01 06:55:46 +0000''>', entitlements='(null)', teamID='NGAXM5F6FL', identifier='com.xojo.internetencodingsiosdevice.dylib', executablePath='<DVTFilePath:0x13a2bb170:'/var/folders/xk/7582fw395t141_v_3805xh5c0000gn/T/challenges.debug.xcarchive/Products/Applications/challenges.debug.app/Frameworks/InternetEncodingsiOSDevice.framework/InternetEncodingsiOSDevice'>', hardenedRuntime='0'>'> are: {
}
2023-06-05 05:12:59 +0000 [MT] Writing entitlements for <IDEDistributionItem: 0x13f7109e0; bundleID='com.xojo.internetencodingsiosdevice.dylib', path='<DVTFilePath:0x138facac0:'/var/folders/xk/7582fw395t141_v_3805xh5c0000gn/T/challenges.debug.xcarchive/Products/Applications/challenges.debug.app/Frameworks/InternetEncodingsiOSDevice.framework'>', codeSigningInfo='<_DVTCodeSigningInformation_Path: 0x13a2ba810; isSigned='1', isAdHocSigned='0', signingCertificate='<DVTSigningCertificate: 0x13884db90; name='Apple Development: Peter Williams (K56C3A8A9Y)', hash='21063ADCE9DF8A6743D6C3240A31589DC94323E2', serialNumber='28C291DFC73A074C6676ED516C068ED6', certificateKinds='(
    "1.2.840.113635.100.6.1.12",
    "1.2.840.113635.100.6.1.2"
), issueDate='2023-06-01 06:55:46 +0000''>', entitlements='(null)', teamID='NGAXM5F6FL', identifier='com.xojo.internetencodingsiosdevice.dylib', executablePath='<DVTFilePath:0x13a2bb170:'/var/folders/xk/7582fw395t141_v_3805xh5c0000gn/T/challenges.debug.xcarchive/Products/Applications/challenges.debug.app/Frameworks/InternetEncodingsiOSDevice.framework/InternetEncodingsiOSDevice'>', hardenedRuntime='0'>'> to: /var/folders/xk/7582fw395t141_v_3805xh5c0000gn/T/XcodeDistPipeline.~~~Ifd65I/entitlements~~~8qIy4B
2023-06-05 05:12:59 +0000 [MT] Running /usr/bin/codesign '-vvv' '--force' '--sign' 'B75C91375FD1F1E6BDBE1D445D00C4A9A4260995' '--entitlements' '/var/folders/xk/7582fw395t141_v_3805xh5c0000gn/T/XcodeDistPipeline.~~~Ifd65I/entitlements~~~8qIy4B' '--generate-entitlement-der' '--preserve-metadata=identifier,flags,runtime' '/var/folders/xk/7582fw395t141_v_3805xh5c0000gn/T/XcodeDistPipeline.~~~Ifd65I/Root/Payload/challenges.debug.app/Frameworks/InternetEncodingsiOSDevice.framework'
2023-06-05 05:12:59 +0000  /var/folders/xk/7582fw395t141_v_3805xh5c0000gn/T/XcodeDistPipeline.~~~Ifd65I/Root/Payload/challenges.debug.app/Frameworks/InternetEncodingsiOSDevice.framework: replacing existing signature
2023-06-05 05:12:59 +0000  /var/folders/xk/7582fw395t141_v_3805xh5c0000gn/T/XcodeDistPipeline.~~~Ifd65I/Root/Payload/challenges.debug.app/Frameworks/InternetEncodingsiOSDevice.framework: signed bundle with Mach-O thin (arm64) [com.xojo.internetencodingsiosdevice.dylib]
2023-06-05 05:12:59 +0000 [MT] /usr/bin/codesign exited with 0
2023-06-05 05:12:59 +0000 [MT] Entitlements for <IDEDistributionItem: 0x1389921d0; bundleID='com.xojo.sqlitedatabaseiosdevice.dylib', path='<DVTFilePath:0x138fb1880:'/var/folders/xk/7582fw395t141_v_3805xh5c0000gn/T/challenges.debug.xcarchive/Products/Applications/challenges.debug.app/Frameworks/SQLiteDatabaseiOS_Device.framework'>', codeSigningInfo='<_DVTCodeSigningInformation_Path: 0x13f7107e0; isSigned='1', isAdHocSigned='0', signingCertificate='<DVTSigningCertificate: 0x1388b8380; name='Apple Development: Peter Williams (K56C3A8A9Y)', hash='21063ADCE9DF8A6743D6C3240A31589DC94323E2', serialNumber='28C291DFC73A074C6676ED516C068ED6', certificateKinds='(
    "1.2.840.113635.100.6.1.12",
    "1.2.840.113635.100.6.1.2"
), issueDate='2023-06-01 06:55:46 +0000''>', entitlements='(null)', teamID='NGAXM5F6FL', identifier='com.xojo.sqlitedatabaseiosdevice.dylib', executablePath='<DVTFilePath:0x13a2b1ef0:'/var/folders/xk/7582fw395t141_v_3805xh5c0000gn/T/challenges.debug.xcarchive/Products/Applications/challenges.debug.app/Frameworks/SQLiteDatabaseiOS_Device.framework/SQLiteDatabaseiOS_Device'>', hardenedRuntime='0'>'>: {
}
2023-06-05 05:12:59 +0000 [MT] Entitlements for <IDEDistributionItem: 0x1389921d0; bundleID='com.xojo.sqlitedatabaseiosdevice.dylib', path='<DVTFilePath:0x138fb1880:'/var/folders/xk/7582fw395t141_v_3805xh5c0000gn/T/challenges.debug.xcarchive/Products/Applications/challenges.debug.app/Frameworks/SQLiteDatabaseiOS_Device.framework'>', codeSigningInfo='<_DVTCodeSigningInformation_Path: 0x13f7107e0; isSigned='1', isAdHocSigned='0', signingCertificate='<DVTSigningCertificate: 0x13885e9b0; name='Apple Development: Peter Williams (K56C3A8A9Y)', hash='21063ADCE9DF8A6743D6C3240A31589DC94323E2', serialNumber='28C291DFC73A074C6676ED516C068ED6', certificateKinds='(
    "1.2.840.113635.100.6.1.12",
    "1.2.840.113635.100.6.1.2"
), issueDate='2023-06-01 06:55:46 +0000''>', entitlements='(null)', teamID='NGAXM5F6FL', identifier='com.xojo.sqlitedatabaseiosdevice.dylib', executablePath='<DVTFilePath:0x13a2b1ef0:'/var/folders/xk/7582fw395t141_v_3805xh5c0000gn/T/challenges.debug.xcarchive/Products/Applications/challenges.debug.app/Frameworks/SQLiteDatabaseiOS_Device.framework/SQLiteDatabaseiOS_Device'>', hardenedRuntime='0'>'> are: {
}
2023-06-05 05:12:59 +0000 [MT] Writing entitlements for <IDEDistributionItem: 0x1389921d0; bundleID='com.xojo.sqlitedatabaseiosdevice.dylib', path='<DVTFilePath:0x138fb1880:'/var/folders/xk/7582fw395t141_v_3805xh5c0000gn/T/challenges.debug.xcarchive/Products/Applications/challenges.debug.app/Frameworks/SQLiteDatabaseiOS_Device.framework'>', codeSigningInfo='<_DVTCodeSigningInformation_Path: 0x13f7107e0; isSigned='1', isAdHocSigned='0', signingCertificate='<DVTSigningCertificate: 0x138d5e0c0; name='Apple Development: Peter Williams (K56C3A8A9Y)', hash='21063ADCE9DF8A6743D6C3240A31589DC94323E2', serialNumber='28C291DFC73A074C6676ED516C068ED6', certificateKinds='(
    "1.2.840.113635.100.6.1.12",
    "1.2.840.113635.100.6.1.2"
), issueDate='2023-06-01 06:55:46 +0000''>', entitlements='(null)', teamID='NGAXM5F6FL', identifier='com.xojo.sqlitedatabaseiosdevice.dylib', executablePath='<DVTFilePath:0x13a2b1ef0:'/var/folders/xk/7582fw395t141_v_3805xh5c0000gn/T/challenges.debug.xcarchive/Products/Applications/challenges.debug.app/Frameworks/SQLiteDatabaseiOS_Device.framework/SQLiteDatabaseiOS_Device'>', hardenedRuntime='0'>'> to: /var/folders/xk/7582fw395t141_v_3805xh5c0000gn/T/XcodeDistPipeline.~~~Ifd65I/entitlements~~~hN6u6T
2023-06-05 05:12:59 +0000 [MT] Running /usr/bin/codesign '-vvv' '--force' '--sign' 'B75C91375FD1F1E6BDBE1D445D00C4A9A4260995' '--entitlements' '/var/folders/xk/7582fw395t141_v_3805xh5c0000gn/T/XcodeDistPipeline.~~~Ifd65I/entitlements~~~hN6u6T' '--generate-entitlement-der' '--preserve-metadata=identifier,flags,runtime' '/var/folders/xk/7582fw395t141_v_3805xh5c0000gn/T/XcodeDistPipeline.~~~Ifd65I/Root/Payload/challenges.debug.app/Frameworks/SQLiteDatabaseiOS_Device.framework'
2023-06-05 05:12:59 +0000  /var/folders/xk/7582fw395t141_v_3805xh5c0000gn/T/XcodeDistPipeline.~~~Ifd65I/Root/Payload/challenges.debug.app/Frameworks/SQLiteDatabaseiOS_Device.framework: replacing existing signature
2023-06-05 05:12:59 +0000  /var/folders/xk/7582fw395t141_v_3805xh5c0000gn/T/XcodeDistPipeline.~~~Ifd65I/Root/Payload/challenges.debug.app/Frameworks/SQLiteDatabaseiOS_Device.framework: signed bundle with Mach-O thin (arm64) [com.xojo.sqlitedatabaseiosdevice.dylib]
2023-06-05 05:12:59 +0000 [MT] /usr/bin/codesign exited with 0
2023-06-05 05:12:59 +0000 [MT] Entitlements for <IDEDistributionItem: 0x13a2cfca0; bundleID='com.emirateshr.yomly-challenges', path='<DVTFilePath:0x13880a730:'/var/folders/xk/7582fw395t141_v_3805xh5c0000gn/T/challenges.debug.xcarchive/Products/Applications/challenges.debug.app'>', codeSigningInfo='<_DVTCodeSigningInformation_Path: 0x13884f3d0; isSigned='1', isAdHocSigned='0', signingCertificate='<DVTSigningCertificate: 0x13a30f650; name='Apple Development: Peter Williams (K56C3A8A9Y)', hash='21063ADCE9DF8A6743D6C3240A31589DC94323E2', serialNumber='28C291DFC73A074C6676ED516C068ED6', certificateKinds='(
    "1.2.840.113635.100.6.1.12",
    "1.2.840.113635.100.6.1.2"
), issueDate='2023-06-01 06:55:46 +0000''>', entitlements='{
    "application-identifier" = "NGAXM5F6FL.com.emirateshr.yomly-challenges";
    "com.apple.developer.team-identifier" = NGAXM5F6FL;
    "get-task-allow" = 1;
    "keychain-access-groups" =     (
        "NGAXM5F6FL.com.emirateshr.yomly-challenges"
    );
}', teamID='NGAXM5F6FL', identifier='com.emirateshr.yomly-challenges', executablePath='<DVTFilePath:0x13a2b8450:'/var/folders/xk/7582fw395t141_v_3805xh5c0000gn/T/challenges.debug.xcarchive/Products/Applications/challenges.debug.app/challenges.debug'>', hardenedRuntime='0'>'>: {
    "application-identifier" = "NGAXM5F6FL.com.emirateshr.yomly-challenges";
    "beta-reports-active" = 1;
    "com.apple.developer.team-identifier" = NGAXM5F6FL;
    "get-task-allow" = 0;
    "keychain-access-groups" =     (
        "NGAXM5F6FL.com.emirateshr.yomly-challenges"
    );
}
2023-06-05 05:12:59 +0000 [MT] Entitlements for <IDEDistributionItem: 0x13a2cfca0; bundleID='com.emirateshr.yomly-challenges', path='<DVTFilePath:0x13880a730:'/var/folders/xk/7582fw395t141_v_3805xh5c0000gn/T/challenges.debug.xcarchive/Products/Applications/challenges.debug.app'>', codeSigningInfo='<_DVTCodeSigningInformation_Path: 0x13884f3d0; isSigned='1', isAdHocSigned='0', signingCertificate='<DVTSigningCertificate: 0x13a3147d0; name='Apple Development: Peter Williams (K56C3A8A9Y)', hash='21063ADCE9DF8A6743D6C3240A31589DC94323E2', serialNumber='28C291DFC73A074C6676ED516C068ED6', certificateKinds='(
    "1.2.840.113635.100.6.1.12",
    "1.2.840.113635.100.6.1.2"
), issueDate='2023-06-01 06:55:46 +0000''>', entitlements='{
    "application-identifier" = "NGAXM5F6FL.com.emirateshr.yomly-challenges";
    "com.apple.developer.team-identifier" = NGAXM5F6FL;
    "get-task-allow" = 1;
    "keychain-access-groups" =     (
        "NGAXM5F6FL.com.emirateshr.yomly-challenges"
    );
}', teamID='NGAXM5F6FL', identifier='com.emirateshr.yomly-challenges', executablePath='<DVTFilePath:0x13a2b8450:'/var/folders/xk/7582fw395t141_v_3805xh5c0000gn/T/challenges.debug.xcarchive/Products/Applications/challenges.debug.app/challenges.debug'>', hardenedRuntime='0'>'> are: {
    "application-identifier" = "NGAXM5F6FL.com.emirateshr.yomly-challenges";
    "beta-reports-active" = 1;
    "com.apple.developer.team-identifier" = NGAXM5F6FL;
    "get-task-allow" = 0;
    "keychain-access-groups" =     (
        "NGAXM5F6FL.com.emirateshr.yomly-challenges"
    );
}
2023-06-05 05:12:59 +0000 [MT] Writing entitlements for <IDEDistributionItem: 0x13a2cfca0; bundleID='com.emirateshr.yomly-challenges', path='<DVTFilePath:0x13880a730:'/var/folders/xk/7582fw395t141_v_3805xh5c0000gn/T/challenges.debug.xcarchive/Products/Applications/challenges.debug.app'>', codeSigningInfo='<_DVTCodeSigningInformation_Path: 0x13884f3d0; isSigned='1', isAdHocSigned='0', signingCertificate='<DVTSigningCertificate: 0x138d5dfe0; name='Apple Development: Peter Williams (K56C3A8A9Y)', hash='21063ADCE9DF8A6743D6C3240A31589DC94323E2', serialNumber='28C291DFC73A074C6676ED516C068ED6', certificateKinds='(
    "1.2.840.113635.100.6.1.12",
    "1.2.840.113635.100.6.1.2"
), issueDate='2023-06-01 06:55:46 +0000''>', entitlements='{
    "application-identifier" = "NGAXM5F6FL.com.emirateshr.yomly-challenges";
    "com.apple.developer.team-identifier" = NGAXM5F6FL;
    "get-task-allow" = 1;
    "keychain-access-groups" =     (
        "NGAXM5F6FL.com.emirateshr.yomly-challenges"
    );
}', teamID='NGAXM5F6FL', identifier='com.emirateshr.yomly-challenges', executablePath='<DVTFilePath:0x13a2b8450:'/var/folders/xk/7582fw395t141_v_3805xh5c0000gn/T/challenges.debug.xcarchive/Products/Applications/challenges.debug.app/challenges.debug'>', hardenedRuntime='0'>'> to: /var/folders/xk/7582fw395t141_v_3805xh5c0000gn/T/XcodeDistPipeline.~~~Ifd65I/entitlements~~~wtt5zV
2023-06-05 05:12:59 +0000 [MT] Running /usr/bin/codesign '-vvv' '--force' '--sign' 'B75C91375FD1F1E6BDBE1D445D00C4A9A4260995' '--entitlements' '/var/folders/xk/7582fw395t141_v_3805xh5c0000gn/T/XcodeDistPipeline.~~~Ifd65I/entitlements~~~wtt5zV' '--generate-entitlement-der' '--preserve-metadata=identifier,flags,runtime' '/var/folders/xk/7582fw395t141_v_3805xh5c0000gn/T/XcodeDistPipeline.~~~Ifd65I/Root/Payload/challenges.debug.app'
2023-06-05 05:12:59 +0000  /var/folders/xk/7582fw395t141_v_3805xh5c0000gn/T/XcodeDistPipeline.~~~Ifd65I/Root/Payload/challenges.debug.app: replacing existing signature
2023-06-05 05:13:00 +0000  /var/folders/xk/7582fw395t141_v_3805xh5c0000gn/T/XcodeDistPipeline.~~~Ifd65I/Root/Payload/challenges.debug.app: signed app bundle with Mach-O thin (arm64) [com.emirateshr.yomly-challenges]
2023-06-05 05:13:00 +0000 [MT] /usr/bin/codesign exited with 0
2023-06-05 05:13:00 +0000 [MT] Processing step: IDEDistributionZipODRItemStep
2023-06-05 05:13:00 +0000 [MT] Skipping step: IDEDistributionZipODRItemStep because it said so
2023-06-05 05:13:00 +0000 [MT] Skipping step: IDEDistributionZipODRItemStep because it said so
2023-06-05 05:13:00 +0000 [MT] Skipping step: IDEDistributionZipODRItemStep because it said so
2023-06-05 05:13:00 +0000 [MT] Skipping step: IDEDistributionZipODRItemStep because it said so
2023-06-05 05:13:00 +0000 [MT] Processing step: IDEDistributionCreateIPAStep
2023-06-05 05:13:00 +0000 [MT] Running /usr/bin/rsync '-8aPhhE' '/var/folders/xk/7582fw395t141_v_3805xh5c0000gn/T/XcodeDistPipeline.~~~Ifd65I/Symbols' '--link-dest' '/var/folders/xk/7582fw395t141_v_3805xh5c0000gn/T/XcodeDistPipeline.~~~Ifd65I' '/var/folders/xk/7582fw395t141_v_3805xh5c0000gn/T/XcodeDistPipeline.~~~Ifd65I/Root'
2023-06-05 05:13:00 +0000  building file list ... 
2023-06-05 05:13:00 +0000   0 files...2023-06-05 05:13:00 +0000  5 files to consider
2023-06-05 05:13:00 +0000  Symbols/
2023-06-05 05:13:00 +0000  
2023-06-05 05:13:00 +0000  sent 298 bytes  received 26 bytes  648.00 bytes/sec
total size is 8.81M  speedup is 28514.54
2023-06-05 05:13:00 +0000 [MT] /usr/bin/rsync exited with 0
2023-06-05 05:13:00 +0000 [MT] Running /usr/bin/ditto '-V' '-c' '-k' '--norsrc' '/var/folders/xk/7582fw395t141_v_3805xh5c0000gn/T/XcodeDistPipeline.~~~Ifd65I/Root' '/var/folders/xk/7582fw395t141_v_3805xh5c0000gn/T/XcodeDistPipeline.~~~Ifd65I/Packages/challenges.debug.ipa'
2023-06-05 05:13:00 +0000  >>> Copying /var/folders/xk/7582fw395t141_v_3805xh5c0000gn/T/XcodeDistPipeline.~~~Ifd65I/Root 
2023-06-05 05:13:00 +0000  copying file ./Payload/challenges.debug.app/_CodeSignature/CodeResources ... 
2023-06-05 05:13:00 +0000  20563 bytes for ./Payload/challenges.debug.app/_CodeSignature/CodeResources
2023-06-05 05:13:00 +0000  copying file ./Payload/challenges.debug.app/icon_location3x.png ... 
2023-06-05 05:13:00 +0000  4337 bytes for ./Payload/challenges.debug.app/icon_location3x.png
2023-06-05 05:13:00 +0000  copying file ./Payload/challenges.debug.app/AppIcon20x20@2x.png ... 
2023-06-05 05:13:00 +0000  2845 bytes for ./Payload/challenges.debug.app/AppIcon20x20@2x.png
2023-06-05 05:13:00 +0000  copying file ./Payload/challenges.debug.app/icon_stairsDesc3x.png ... 
2023-06-05 05:13:00 +0000  2618 bytes for ./Payload/challenges.debug.app/icon_stairsDesc3x.png
2023-06-05 05:13:00 +0000  copying file ./Payload/challenges.debug.app/female_default.png ... 
2023-06-05 05:13:00 +0000  32298 bytes for ./Payload/challenges.debug.app/female_default.png
2023-06-05 05:13:00 +0000  copying file ./Payload/challenges.debug.app/icon_stairsAscen2x.png ... 
2023-06-05 05:13:00 +0000  2110 bytes for ./Payload/challenges.debug.app/icon_stairsAscen2x.png
2023-06-05 05:13:00 +0000  copying file ./Payload/challenges.debug.app/icon_stairsAscen3x.png ... 
2023-06-05 05:13:00 +0000  2514 bytes for ./Payload/challenges.debug.app/icon_stairsAscen3x.png
2023-06-05 05:13:00 +0000  copying file ./Payload/challenges.debug.app/feet.png ... 
2023-06-05 05:13:00 +0000  57105 bytes for ./Payload/challenges.debug.app/feet.png
2023-06-05 05:13:00 +0000  copying file ./Payload/challenges.debug.app/steps.png ... 
2023-06-05 05:13:00 +0000  13439 bytes for ./Payload/challenges.debug.app/steps.png
2023-06-05 05:13:00 +0000  copying file ./Payload/challenges.debug.app/icon_stairsDesc2x.png ... 
2023-06-05 05:13:00 +0000  2134 bytes for ./Payload/challenges.debug.app/icon_stairsDesc2x.png
2023-06-05 05:13:00 +0000  copying file ./Payload/challenges.debug.app/AppIcon20x20@3x.png ... 
2023-06-05 05:13:00 +0000  3853 bytes for ./Payload/challenges.debug.app/AppIcon20x20@3x.png
2023-06-05 05:13:00 +0000  copying file ./Payload/challenges.debug.app/figurewalking.png ... 
2023-06-05 05:13:00 +0000  1796 bytes for ./Payload/challenges.debug.app/figurewalking.png
2023-06-05 05:13:00 +0000  copying file ./Payload/challenges.debug.app/challenges.db ... 
2023-06-05 05:13:00 +0000  32768 bytes for ./Payload/challenges.debug.app/challenges.db
2023-06-05 05:13:00 +0000  copying file ./Payload/challenges.debug.app/AppIcon60x60@2x.png ... 
2023-06-05 05:13:00 +0000  7997 bytes for ./Payload/challenges.debug.app/AppIcon60x60@2x.png
2023-06-05 05:13:00 +0000  copying file ./Payload/challenges.debug.app/AppIcon29x29@2x.png ... 
2023-06-05 05:13:00 +0000  3703 bytes for ./Payload/challenges.debug.app/AppIcon29x29@2x.png
2023-06-05 05:13:00 +0000  copying file ./Payload/challenges.debug.app/icon_shoe2x.png ... 
2023-06-05 05:13:00 +0000  4291 bytes for ./Payload/challenges.debug.app/icon_shoe2x.png
2023-06-05 05:13:00 +0000  copying file ./Payload/challenges.debug.app/icon_stopWatch3x.png ... 
2023-06-05 05:13:00 +0000  6582 bytes for ./Payload/challenges.debug.app/icon_stopWatch3x.png
2023-06-05 05:13:00 +0000  copying file ./Payload/challenges.debug.app/AppIcon40x40@3x.png ... 
2023-06-05 05:13:00 +0000  7997 bytes for ./Payload/challenges.debug.app/AppIcon40x40@3x.png
2023-06-05 05:13:00 +0000  copying file ./Payload/challenges.debug.app/icon_stopWatch.png ... 
2023-06-05 05:13:00 +0000  2706 bytes for ./Payload/challenges.debug.app/icon_stopWatch.png
2023-06-05 05:13:00 +0000  copying file ./Payload/challenges.debug.app/challenges.png ... 
2023-06-05 05:13:00 +0000  22682 bytes for ./Payload/challenges.debug.app/challenges.png
2023-06-05 05:13:00 +0000  copying file ./Payload/challenges.debug.app/AppIcon29x29~ipad.png ... 
2023-06-05 05:13:00 +0000  2301 bytes for ./Payload/challenges.debug.app/AppIcon29x29~ipad.png
2023-06-05 05:13:00 +0000  copying file ./Payload/challenges.debug.app/icon_stopWatch2x.png ... 
2023-06-05 05:13:00 +0000  4674 bytes for ./Payload/challenges.debug.app/icon_stopWatch2x.png
2023-06-05 05:13:00 +0000  copying file ./Payload/challenges.debug.app/AppIcon40x40@2x.png ... 
2023-06-05 05:13:00 +0000  4803 bytes for ./Payload/challenges.debug.app/AppIcon40x40@2x.png
2023-06-05 05:13:00 +0000  copying file ./Payload/challenges.debug.app/video1.mp4 ... 
2023-06-05 05:13:00 +0000  14596386 bytes for ./Payload/challenges.debug.app/video1.mp4
2023-06-05 05:13:00 +0000  copying file ./Payload/challenges.debug.app/AppIcon29x29@3x.png ... 
5290 bytes for ./Payload/challenges.debug.app/AppIcon29x29@3x.png
copying file ./Payload/challenges.debug.app/video3.mp4 ... 
2023-06-05 05:13:00 +0000  4573867 bytes for ./Payload/challenges.debug.app/video3.mp4
2023-06-05 05:13:00 +0000  copying file ./Payload/challenges.debug.app/house.png ... 
2023-06-05 05:13:00 +0000  1959 bytes for ./Payload/challenges.debug.app/house.png
2023-06-05 05:13:00 +0000  copying file ./Payload/challenges.debug.app/AppIcon60x60@3x.png ... 
2023-06-05 05:13:00 +0000  13863 bytes for ./Payload/challenges.debug.app/AppIcon60x60@3x.png
2023-06-05 05:13:00 +0000  copying file ./Payload/challenges.debug.app/Base.lproj/LaunchScreen.storyboardc/UIViewController-01J-lp-oVM.nib ... 
2023-06-05 05:13:00 +0000  896 bytes for ./Payload/challenges.debug.app/Base.lproj/LaunchScreen.storyboardc/UIViewController-01J-lp-oVM.nib
2023-06-05 05:13:00 +0000  copying file ./Payload/challenges.debug.app/Base.lproj/LaunchScreen.storyboardc/01J-lp-oVM-view-d8t-zf-voc.nib ... 
2023-06-05 05:13:00 +0000  2541 bytes for ./Payload/challenges.debug.app/Base.lproj/LaunchScreen.storyboardc/01J-lp-oVM-view-d8t-zf-voc.nib
2023-06-05 05:13:00 +0000  copying file ./Payload/challenges.debug.app/Base.lproj/LaunchScreen.storyboardc/Info.plist ... 
2023-06-05 05:13:00 +0000  258 bytes for ./Payload/challenges.debug.app/Base.lproj/LaunchScreen.storyboardc/Info.plist
2023-06-05 05:13:00 +0000  copying file ./Payload/challenges.debug.app/video2.mp4 ... 
2023-06-05 05:13:00 +0000  3372329 bytes for ./Payload/challenges.debug.app/video2.mp4
2023-06-05 05:13:00 +0000  copying file ./Payload/challenges.debug.app/archived-expanded-entitlements.xcent ... 
2023-06-05 05:13:00 +0000  400 bytes for ./Payload/challenges.debug.app/archived-expanded-entitlements.xcent
2023-06-05 05:13:00 +0000  copying file ./Payload/challenges.debug.app/challenges.debug ... 
2023-06-05 05:13:00 +0000  9352576 bytes for ./Payload/challenges.debug.app/challenges.debug
2023-06-05 05:13:00 +0000  copying file ./Payload/challenges.debug.app/paperPlane.png ... 
1962 bytes for ./Payload/challenges.debug.app/paperPlane.png
copying file ./Payload/challenges.debug.app/icon_avatar2x.png ... 
2023-06-05 05:13:00 +0000  8419 bytes for ./Payload/challenges.debug.app/icon_avatar2x.png
2023-06-05 05:13:00 +0000  copying file ./Payload/challenges.debug.app/icon_stairsDesc.png ... 
2023-06-05 05:13:00 +0000  1685 bytes for ./Payload/challenges.debug.app/icon_stairsDesc.png
2023-06-05 05:13:00 +0000  copying file ./Payload/challenges.debug.app/Assets.car ... 
2023-06-05 05:13:00 +0000  293608 bytes for ./Payload/challenges.debug.app/Assets.car
2023-06-05 05:13:00 +0000  copying file ./Payload/challenges.debug.app/AppIcon76x76@2x~ipad.png ... 
2023-06-05 05:13:00 +0000  11465 bytes for ./Payload/challenges.debug.app/AppIcon76x76@2x~ipad.png
2023-06-05 05:13:00 +0000  copying file ./Payload/challenges.debug.app/icon_location.png ... 
2023-06-05 05:13:00 +0000  2082 bytes for ./Payload/challenges.debug.app/icon_location.png
2023-06-05 05:13:00 +0000  copying file ./Payload/challenges.debug.app/icon_location_small2x.png ... 
2023-06-05 05:13:00 +0000  1917 bytes for ./Payload/challenges.debug.app/icon_location_small2x.png
2023-06-05 05:13:00 +0000  copying file ./Payload/challenges.debug.app/icon_calories.png ... 
2023-06-05 05:13:00 +0000  1518 bytes for ./Payload/challenges.debug.app/icon_calories.png
2023-06-05 05:13:00 +0000  copying file ./Payload/challenges.debug.app/icon_stairsAscen.png ... 
2023-06-05 05:13:00 +0000  1684 bytes for ./Payload/challenges.debug.app/icon_stairsAscen.png
2023-06-05 05:13:00 +0000  copying file ./Payload/challenges.debug.app/AppIcon83.5x83.5@2x~ipad.png ... 
2023-06-05 05:13:00 +0000  13340 bytes for ./Payload/challenges.debug.app/AppIcon83.5x83.5@2x~ipad.png
2023-06-05 05:13:00 +0000  copying file ./Payload/challenges.debug.app/icon_location3x1.png ... 
2023-06-05 05:13:00 +0000  4337 bytes for ./Payload/challenges.debug.app/icon_location3x1.png
2023-06-05 05:13:00 +0000  copying file ./Payload/challenges.debug.app/metrics.png ... 
2023-06-05 05:13:00 +0000  1945 bytes for ./Payload/challenges.debug.app/metrics.png
2023-06-05 05:13:00 +0000  copying file ./Payload/challenges.debug.app/daybreak.png ... 
2023-06-05 05:13:00 +0000  657410 bytes for ./Payload/challenges.debug.app/daybreak.png
2023-06-05 05:13:00 +0000  copying file ./Payload/challenges.debug.app/male_default.png ... 
2023-06-05 05:13:00 +0000  26975 bytes for ./Payload/challenges.debug.app/male_default.png
2023-06-05 05:13:00 +0000  copying file ./Payload/challenges.debug.app/AppIcon40x40~ipad.png ... 
2023-06-05 05:13:00 +0000  2807 bytes for ./Payload/challenges.debug.app/AppIcon40x40~ipad.png
2023-06-05 05:13:00 +0000  copying file ./Payload/challenges.debug.app/Frameworks/CryptoiOSDevice.framework/_CodeSignature/CodeResources ... 
2023-06-05 05:13:00 +0000  1798 bytes for ./Payload/challenges.debug.app/Frameworks/CryptoiOSDevice.framework/_CodeSignature/CodeResources
2023-06-05 05:13:00 +0000  copying file ./Payload/challenges.debug.app/Frameworks/CryptoiOSDevice.framework/CryptoiOSDevice ... 
2023-06-05 05:13:00 +0000  695504 bytes for ./Payload/challenges.debug.app/Frameworks/CryptoiOSDevice.framework/CryptoiOSDevice
2023-06-05 05:13:00 +0000  copying file ./Payload/challenges.debug.app/Frameworks/CryptoiOSDevice.framework/Info.plist ... 
2023-06-05 05:13:00 +0000  1349 bytes for ./Payload/challenges.debug.app/Frameworks/CryptoiOSDevice.framework/Info.plist
2023-06-05 05:13:00 +0000  copying file ./Payload/challenges.debug.app/Frameworks/InternetEncodingsiOSDevice.framework/_CodeSignature/CodeResources ... 
2023-06-05 05:13:00 +0000  1798 bytes for ./Payload/challenges.debug.app/Frameworks/InternetEncodingsiOSDevice.framework/_CodeSignature/CodeResources
2023-06-05 05:13:00 +0000  copying file ./Payload/challenges.debug.app/Frameworks/InternetEncodingsiOSDevice.framework/InternetEncodingsiOSDevice ... 
2023-06-05 05:13:00 +0000  69200 bytes for ./Payload/challenges.debug.app/Frameworks/InternetEncodingsiOSDevice.framework/InternetEncodingsiOSDevice
2023-06-05 05:13:00 +0000  copying file ./Payload/challenges.debug.app/Frameworks/InternetEncodingsiOSDevice.framework/Info.plist ... 
2023-06-05 05:13:00 +0000  1382 bytes for ./Payload/challenges.debug.app/Frameworks/InternetEncodingsiOSDevice.framework/Info.plist
2023-06-05 05:13:00 +0000  copying file ./Payload/challenges.debug.app/Frameworks/SQLiteDatabaseiOS_Device.framework/_CodeSignature/CodeResources ... 
2023-06-05 05:13:00 +0000  1798 bytes for ./Payload/challenges.debug.app/Frameworks/SQLiteDatabaseiOS_Device.framework/_CodeSignature/CodeResources
2023-06-05 05:13:00 +0000  copying file ./Payload/challenges.debug.app/Frameworks/SQLiteDatabaseiOS_Device.framework/SQLiteDatabaseiOS_Device ... 
2023-06-05 05:13:00 +0000  1060384 bytes for ./Payload/challenges.debug.app/Frameworks/SQLiteDatabaseiOS_Device.framework/SQLiteDatabaseiOS_Device
2023-06-05 05:13:00 +0000  copying file ./Payload/challenges.debug.app/Frameworks/SQLiteDatabaseiOS_Device.framework/Info.plist ... 
2023-06-05 05:13:00 +0000  1375 bytes for ./Payload/challenges.debug.app/Frameworks/SQLiteDatabaseiOS_Device.framework/Info.plist
2023-06-05 05:13:00 +0000  copying file ./Payload/challenges.debug.app/embedded.mobileprovision ... 
2023-06-05 05:13:00 +0000  12178 bytes for ./Payload/challenges.debug.app/embedded.mobileprovision
2023-06-05 05:13:00 +0000  copying file ./Payload/challenges.debug.app/icon_caloriesBig2x.png ... 
2023-06-05 05:13:00 +0000  3267 bytes for ./Payload/challenges.debug.app/icon_caloriesBig2x.png
2023-06-05 05:13:00 +0000  copying file ./Payload/challenges.debug.app/Info.plist ... 
2023-06-05 05:13:00 +0000  3589 bytes for ./Payload/challenges.debug.app/Info.plist
2023-06-05 05:13:00 +0000  copying file ./Payload/challenges.debug.app/Teams.png ... 
2023-06-05 05:13:00 +0000  1056050 bytes for ./Payload/challenges.debug.app/Teams.png
2023-06-05 05:13:00 +0000  copying file ./Payload/challenges.debug.app/PkgInfo ... 
2023-06-05 05:13:00 +0000  8 bytes for ./Payload/challenges.debug.app/PkgInfo
2023-06-05 05:13:00 +0000  copying file ./Payload/challenges.debug.app/AppIcon76x76~ipad.png ... 
2023-06-05 05:13:00 +0000  4634 bytes for ./Payload/challenges.debug.app/AppIcon76x76~ipad.png
2023-06-05 05:13:00 +0000  copying file ./Symbols/998DE46B-6A2F-3C17-8039-CD3E046455D2.symbols ... 
2023-06-05 05:13:00 +0000  1508 bytes for ./Symbols/998DE46B-6A2F-3C17-8039-CD3E046455D2.symbols
2023-06-05 05:13:00 +0000  copying file ./Symbols/BED42B04-5D02-307D-BA61-5958FEBFF5B1.symbols ... 
2023-06-05 05:13:00 +0000  76332 bytes for ./Symbols/BED42B04-5D02-307D-BA61-5958FEBFF5B1.symbols
2023-06-05 05:13:00 +0000  copying file ./Symbols/75A80F64-1428-3DEA-BC7D-0DF9A8F643D6.symbols ... 
2023-06-05 05:13:00 +0000  74004 bytes for ./Symbols/75A80F64-1428-3DEA-BC7D-0DF9A8F643D6.symbols
2023-06-05 05:13:00 +0000  copying file ./Symbols/1C31DBF1-F737-3461-970E-593739AF2BD5.symbols ... 
2023-06-05 05:13:01 +0000  9086868 bytes for ./Symbols/1C31DBF1-F737-3461-970E-593739AF2BD5.symbols
2023-06-05 05:13:01 +0000 [MT] /usr/bin/ditto exited with 0
2023-06-05 05:13:01 +0000 [MT] Processing step: IDEDistributionAppStoreInformationStep
2023-06-05 05:13:01 +0000 [MT] Skipping step: IDEDistributionAppStoreInformationStep because it said so
2023-06-05 05:13:01 +0000 [MT] Processing step: IDEDistributionGenerateProcessedDistributionItems
2023-06-05 05:13:01 +0000 [MT] IDEDistributionItem init <DVTFilePath:0x1389aa420:'/var/folders/xk/7582fw395t141_v_3805xh5c0000gn/T/XcodeDistPipeline.~~~Ifd65I/Root/Payload/challenges.debug.app/Frameworks/CryptoiOSDevice.framework'>
2023-06-05 05:13:01 +0000 [MT] IDEDistributionItem init <DVTFilePath:0x138d613e0:'/var/folders/xk/7582fw395t141_v_3805xh5c0000gn/T/XcodeDistPipeline.~~~Ifd65I/Root/Payload/challenges.debug.app/Frameworks/SQLiteDatabaseiOS_Device.framework'>
2023-06-05 05:13:01 +0000 [MT] IDEDistributionItem init <DVTFilePath:0x1389af880:'/var/folders/xk/7582fw395t141_v_3805xh5c0000gn/T/XcodeDistPipeline.~~~Ifd65I/Root/Payload/challenges.debug.app/Frameworks/InternetEncodingsiOSDevice.framework'>
2023-06-05 05:13:01 +0000 [MT] IDEDistributionItem init <DVTFilePath:0x13a2d5f70:'/var/folders/xk/7582fw395t141_v_3805xh5c0000gn/T/XcodeDistPipeline.~~~Ifd65I/Root/Payload/challenges.debug.app'>
2023-06-05 05:13:01 +0000 [MT] Processing step: IDEDistributionCreateManifestStep
2023-06-05 05:13:01 +0000 [MT] Skipping step: IDEDistributionCreateManifestStep because it said so
